<?xml version="1.0" encoding="UTF-8"?>
<testsuite xmlns:xsi="http://www.w3.org/2001/XMLSchema-instance" xsi:noNamespaceSchemaLocation="https://maven.apache.org/surefire/maven-surefire-plugin/xsd/surefire-test-report-3.0.xsd" version="3.0" name="com.nuevo.proyecto.SecurityConfigTest" time="9.56" tests="4" errors="0" skipped="0" failures="0">
  <properties>
[...]
</properties>
  <testcase name="testAccesoPermitidoAPostUsuariosConRolAdmin" classname="com.nuevo.proyecto.SecurityConfigTest" time="0.832">
    <system-out><![CDATA[15:24:56.656 [main] INFO org.springframework.test.context.support.AnnotationConfigContextLoaderUtils -- Could not detect default configuration classes for test class [com.nuevo.proyecto.SecurityConfigTest]: SecurityConfigTest does not declare any static, non-private, non-final, nested classes annotated with @Configuration.
15:24:56.857 [main] INFO org.springframework.boot.test.context.SpringBootTestContextBootstrapper -- Found @SpringBootConfiguration com.nuevo.proyecto.App for test class com.nuevo.proyecto.SecurityConfigTest

  .   ____          _            __ _ _
 /\\ / ___'_ __ _ _(_)_ __  __ _ \ \ \ \
( ( )\___ | '_ | '_| | '_ \/ _` | \ \ \ \
 \\/  ___)| |_)| | | | | || (_| |  ) ) ) )
  '  |____| .__|_| |_|_| |_\__, | / / / /
 =========|_|==============|___/=/_/_/_/

 :: Spring Boot ::                (v3.3.5)

2024-12-11T15:24:57.490-03:00 DEBUG 15132 --- [proyecto] [kground-preinit] o.h.v.i.xml.config.ValidationXmlParser   : Trying to load META-INF/validation.xml for XML based Validator configuration.
2024-12-11T15:24:57.494-03:00 DEBUG 15132 --- [proyecto] [kground-preinit] o.h.v.i.xml.config.ResourceLoaderHelper  : Trying to load META-INF/validation.xml via TCCL
2024-12-11T15:24:57.495-03:00 DEBUG 15132 --- [proyecto] [kground-preinit] o.h.v.i.xml.config.ResourceLoaderHelper  : Trying to load META-INF/validation.xml via Hibernate Validator's class loader
2024-12-11T15:24:57.495-03:00 DEBUG 15132 --- [proyecto] [kground-preinit] o.h.v.i.xml.config.ValidationXmlParser   : No META-INF/validation.xml found. Using annotation based configuration only.
2024-12-11T15:24:57.504-03:00 DEBUG 15132 --- [proyecto] [kground-preinit] o.h.v.i.e.resolver.TraversableResolvers  : Found jakarta.persistence.Persistence on classpath containing 'getPersistenceUtil'. Assuming JPA 2 environment. Trying to instantiate JPA aware TraversableResolver
2024-12-11T15:24:57.505-03:00 DEBUG 15132 --- [proyecto] [kground-preinit] o.h.v.i.e.resolver.TraversableResolvers  : Instantiated JPA aware TraversableResolver of type org.hibernate.validator.internal.engine.resolver.JPATraversableResolver.
2024-12-11T15:24:57.546-03:00 DEBUG 15132 --- [proyecto] [kground-preinit] .h.v.m.ResourceBundleMessageInterpolator : Loaded expression factory via original TCCL
2024-12-11T15:24:57.549-03:00  INFO 15132 --- [proyecto] [           main] com.nuevo.proyecto.SecurityConfigTest    : Starting SecurityConfigTest using Java 21.0.2 with PID 15132 (started by Usuario in C:\Users\Usuario\Documents\GitHub\microservicio1)
2024-12-11T15:24:57.550-03:00  INFO 15132 --- [proyecto] [           main] com.nuevo.proyecto.SecurityConfigTest    : No active profile set, falling back to 1 default profile: "default"
2024-12-11T15:24:57.550-03:00 DEBUG 15132 --- [proyecto] [           main] o.s.boot.SpringApplication               : Loading source class com.nuevo.proyecto.App
2024-12-11T15:24:57.578-03:00 DEBUG 15132 --- [proyecto] [           main] o.s.w.c.s.GenericWebApplicationContext   : Refreshing org.springframework.web.context.support.GenericWebApplicationContext@40c06358
2024-12-11T15:24:57.608-03:00 DEBUG 15132 --- [proyecto] [           main] o.s.b.f.s.DefaultListableBeanFactory     : Creating shared instance of singleton bean 'org.springframework.context.annotation.internalConfigurationAnnotationProcessor'
2024-12-11T15:24:57.633-03:00 DEBUG 15132 --- [proyecto] [           main] o.s.b.f.s.DefaultListableBeanFactory     : Creating shared instance of singleton bean 'org.springframework.boot.autoconfigure.internalCachingMetadataReaderFactory'
2024-12-11T15:24:57.725-03:00 DEBUG 15132 --- [proyecto] [           main] o.s.c.a.ClassPathBeanDefinitionScanner   : Identified candidate component class: file [C:\Users\Usuario\Documents\GitHub\microservicio1\target\classes\com\nuevo\proyecto\controller\CompraController.class]
2024-12-11T15:24:57.727-03:00 DEBUG 15132 --- [proyecto] [           main] o.s.c.a.ClassPathBeanDefinitionScanner   : Identified candidate component class: file [C:\Users\Usuario\Documents\GitHub\microservicio1\target\classes\com\nuevo\proyecto\controller\LoginController.class]
2024-12-11T15:24:57.731-03:00 DEBUG 15132 --- [proyecto] [kground-preinit] .i.e.ValidatorFactoryConfigurationHelper : HV000252: Using org.hibernate.validator.internal.engine.DefaultPropertyNodeNameProvider as property node name provider.
2024-12-11T15:24:57.733-03:00 DEBUG 15132 --- [proyecto] [           main] o.s.c.a.ClassPathBeanDefinitionScanner   : Identified candidate component class: file [C:\Users\Usuario\Documents\GitHub\microservicio1\target\classes\com\nuevo\proyecto\controller\ProductoController.class]
2024-12-11T15:24:57.734-03:00 DEBUG 15132 --- [proyecto] [           main] o.s.c.a.ClassPathBeanDefinitionScanner   : Identified candidate component class: file [C:\Users\Usuario\Documents\GitHub\microservicio1\target\classes\com\nuevo\proyecto\controller\UsuarioController.class]
2024-12-11T15:24:57.741-03:00 DEBUG 15132 --- [proyecto] [kground-preinit] .i.e.ValidatorFactoryConfigurationHelper : HV000234: Using org.hibernate.validator.messageinterpolation.ResourceBundleMessageInterpolator as ValidatorFactory-scoped message interpolator.
2024-12-11T15:24:57.741-03:00 DEBUG 15132 --- [proyecto] [           main] o.s.c.a.ClassPathBeanDefinitionScanner   : Identified candidate component class: file [C:\Users\Usuario\Documents\GitHub\microservicio1\target\classes\com\nuevo\proyecto\exception\GlobalExceptionHandler.class]
2024-12-11T15:24:57.741-03:00 DEBUG 15132 --- [proyecto] [kground-preinit] .i.e.ValidatorFactoryConfigurationHelper : HV000234: Using org.hibernate.validator.internal.engine.resolver.JPATraversableResolver as ValidatorFactory-scoped traversable resolver.
2024-12-11T15:24:57.742-03:00 DEBUG 15132 --- [proyecto] [kground-preinit] .i.e.ValidatorFactoryConfigurationHelper : HV000234: Using org.hibernate.validator.internal.util.ExecutableParameterNameProvider as ValidatorFactory-scoped parameter name provider.
2024-12-11T15:24:57.742-03:00 DEBUG 15132 --- [proyecto] [kground-preinit] .i.e.ValidatorFactoryConfigurationHelper : HV000234: Using org.hibernate.validator.internal.engine.DefaultClockProvider as ValidatorFactory-scoped clock provider.
2024-12-11T15:24:57.742-03:00 DEBUG 15132 --- [proyecto] [kground-preinit] .i.e.ValidatorFactoryConfigurationHelper : HV000234: Using org.hibernate.validator.internal.engine.scripting.DefaultScriptEvaluatorFactory as ValidatorFactory-scoped script evaluator factory.
2024-12-11T15:24:57.747-03:00 DEBUG 15132 --- [proyecto] [           main] o.s.c.a.ClassPathBeanDefinitionScanner   : Identified candidate component class: file [C:\Users\Usuario\Documents\GitHub\microservicio1\target\classes\com\nuevo\proyecto\security\CustomAuthenticationEntryPoint.class]
2024-12-11T15:24:57.756-03:00 DEBUG 15132 --- [proyecto] [           main] o.s.c.a.ClassPathBeanDefinitionScanner   : Identified candidate component class: file [C:\Users\Usuario\Documents\GitHub\microservicio1\target\classes\com\nuevo\proyecto\security\SecurityConfig.class]
2024-12-11T15:24:57.757-03:00 DEBUG 15132 --- [proyecto] [           main] o.s.c.a.ClassPathBeanDefinitionScanner   : Identified candidate component class: file [C:\Users\Usuario\Documents\GitHub\microservicio1\target\classes\com\nuevo\proyecto\service\CompraService.class]
2024-12-11T15:24:57.758-03:00 DEBUG 15132 --- [proyecto] [           main] o.s.c.a.ClassPathBeanDefinitionScanner   : Identified candidate component class: file [C:\Users\Usuario\Documents\GitHub\microservicio1\target\classes\com\nuevo\proyecto\service\ProductoService.class]
2024-12-11T15:24:57.759-03:00 DEBUG 15132 --- [proyecto] [           main] o.s.c.a.ClassPathBeanDefinitionScanner   : Identified candidate component class: file [C:\Users\Usuario\Documents\GitHub\microservicio1\target\classes\com\nuevo\proyecto\service\UsuarioService.class]
2024-12-11T15:24:58.504-03:00  INFO 15132 --- [proyecto] [           main] .s.d.r.c.RepositoryConfigurationDelegate : Bootstrapping Spring Data JPA repositories in DEFAULT mode.
2024-12-11T15:24:58.515-03:00 DEBUG 15132 --- [proyecto] [           main] o.s.b.f.s.DefaultListableBeanFactory     : Creating shared instance of singleton bean 'org.springframework.boot.autoconfigure.AutoConfigurationPackages'
2024-12-11T15:24:58.527-03:00 DEBUG 15132 --- [proyecto] [           main] o.s.b.a.AutoConfigurationPackages        : @EnableAutoConfiguration was declared on a class in the package 'com.nuevo.proyecto'. Automatic @Repository and @Entity scanning is enabled.
2024-12-11T15:24:58.529-03:00 DEBUG 15132 --- [proyecto] [           main] .s.d.r.c.RepositoryConfigurationDelegate : Scanning for JPA repositories in packages com.nuevo.proyecto.
2024-12-11T15:24:58.542-03:00 DEBUG 15132 --- [proyecto] [           main] o.s.d.r.c.RepositoryComponentProvider    : Identified candidate component class: file [C:\Users\Usuario\Documents\GitHub\microservicio1\target\classes\com\nuevo\proyecto\repository\CompraRepository.class]
2024-12-11T15:24:58.542-03:00 DEBUG 15132 --- [proyecto] [           main] o.s.d.r.c.RepositoryComponentProvider    : Identified candidate component class: file [C:\Users\Usuario\Documents\GitHub\microservicio1\target\classes\com\nuevo\proyecto\repository\ProductoRepository.class]
2024-12-11T15:24:58.542-03:00 DEBUG 15132 --- [proyecto] [           main] o.s.d.r.c.RepositoryComponentProvider    : Identified candidate component class: file [C:\Users\Usuario\Documents\GitHub\microservicio1\target\classes\com\nuevo\proyecto\repository\UsuarioRepository.class]
2024-12-11T15:24:58.594-03:00  INFO 15132 --- [proyecto] [           main] .s.d.r.c.RepositoryConfigurationDelegate : Finished Spring Data repository scanning in 62 ms. Found 3 JPA repository interfaces.
2024-12-11T15:24:58.732-03:00 DEBUG 15132 --- [proyecto] [           main] o.s.b.f.s.DefaultListableBeanFactory     : Creating shared instance of singleton bean 'org.springframework.boot.test.context.ImportsContextCustomizer$ImportsCleanupPostProcessor'
2024-12-11T15:24:58.733-03:00 DEBUG 15132 --- [proyecto] [           main] o.s.b.f.s.DefaultListableBeanFactory     : Creating shared instance of singleton bean 'springSecurityHandlerMappingIntrospectorBeanDefinitionRegistryPostProcessor'
2024-12-11T15:24:58.863-03:00 DEBUG 15132 --- [proyecto] [           main] o.s.b.f.s.DefaultListableBeanFactory     : Creating shared instance of singleton bean 'propertySourcesPlaceholderConfigurer'
2024-12-11T15:24:58.868-03:00 DEBUG 15132 --- [proyecto] [           main] o.s.b.f.s.DefaultListableBeanFactory     : Creating shared instance of singleton bean 'org.springframework.boot.test.mock.mockito.MockitoPostProcessor'
2024-12-11T15:24:58.869-03:00 DEBUG 15132 --- [proyecto] [           main] o.s.b.f.s.DefaultListableBeanFactory     : Creating shared instance of singleton bean 'emBeanDefinitionRegistrarPostProcessor'
2024-12-11T15:24:58.870-03:00 DEBUG 15132 --- [proyecto] [           main] o.s.b.f.s.DefaultListableBeanFactory     : Creating shared instance of singleton bean 'org.springframework.boot.sql.init.dependency.DatabaseInitializationDependencyConfigurer$DependsOnDatabaseInitializationPostProcessor'
2024-12-11T15:24:58.923-03:00 DEBUG 15132 --- [proyecto] [           main] o.s.b.f.s.DefaultListableBeanFactory     : Creating shared instance of singleton bean 'org.springframework.context.event.internalEventListenerProcessor'
2024-12-11T15:24:58.925-03:00 DEBUG 15132 --- [proyecto] [           main] o.s.b.f.s.DefaultListableBeanFactory     : Creating shared instance of singleton bean 'conversionServicePostProcessor'
2024-12-11T15:24:58.943-03:00 DEBUG 15132 --- [proyecto] [           main] o.s.b.f.s.DefaultListableBeanFactory     : Creating shared instance of singleton bean 'preserveErrorControllerTargetClassPostProcessor'
2024-12-11T15:24:58.945-03:00 DEBUG 15132 --- [proyecto] [           main] o.s.b.f.s.DefaultListableBeanFactory     : Creating shared instance of singleton bean 'org.springframework.context.event.internalEventListenerFactory'
2024-12-11T15:24:58.945-03:00 DEBUG 15132 --- [proyecto] [           main] o.s.b.f.s.DefaultListableBeanFactory     : Creating shared instance of singleton bean 'org.springframework.transaction.config.internalTransactionalEventListenerFactory'
2024-12-11T15:24:58.957-03:00 DEBUG 15132 --- [proyecto] [           main] o.s.b.f.s.DefaultListableBeanFactory     : Creating shared instance of singleton bean 'org.springframework.context.annotation.internalAutowiredAnnotationProcessor'
2024-12-11T15:24:58.960-03:00 DEBUG 15132 --- [proyecto] [           main] o.s.b.f.s.DefaultListableBeanFactory     : Creating shared instance of singleton bean 'org.springframework.context.annotation.internalCommonAnnotationProcessor'
2024-12-11T15:24:58.966-03:00 DEBUG 15132 --- [proyecto] [           main] o.s.b.f.s.DefaultListableBeanFactory     : Creating shared instance of singleton bean 'org.springframework.context.annotation.internalPersistenceAnnotationProcessor'
2024-12-11T15:24:58.966-03:00 DEBUG 15132 --- [proyecto] [           main] o.s.b.f.s.DefaultListableBeanFactory     : Creating shared instance of singleton bean 'org.springframework.boot.test.mock.mockito.MockitoPostProcessor$SpyPostProcessor'
2024-12-11T15:24:58.968-03:00 DEBUG 15132 --- [proyecto] [           main] o.s.b.f.s.DefaultListableBeanFactory     : Creating shared instance of singleton bean 'org.springframework.boot.context.properties.ConfigurationPropertiesBindingPostProcessor'
2024-12-11T15:24:58.968-03:00 DEBUG 15132 --- [proyecto] [           main] o.s.b.f.s.DefaultListableBeanFactory     : Creating shared instance of singleton bean 'org.springframework.boot.context.internalConfigurationPropertiesBinder'
2024-12-11T15:24:58.972-03:00 DEBUG 15132 --- [proyecto] [           main] o.s.b.f.s.DefaultListableBeanFactory     : Creating shared instance of singleton bean 'jdbcConnectionDetailsHikariBeanPostProcessor'
2024-12-11T15:24:58.977-03:00 DEBUG 15132 --- [proyecto] [           main] o.s.b.f.s.DefaultListableBeanFactory     : Creating shared instance of singleton bean 'methodValidationPostProcessor'
2024-12-11T15:24:58.996-03:00 DEBUG 15132 --- [proyecto] [           main] o.s.b.f.s.DefaultListableBeanFactory     : Autowiring by type from bean name 'methodValidationPostProcessor' via factory method to bean named 'environment'
2024-12-11T15:24:58.999-03:00 DEBUG 15132 --- [proyecto] [           main] o.s.b.f.s.DefaultListableBeanFactory     : Creating shared instance of singleton bean 'org.springframework.boot.context.properties.EnableConfigurationPropertiesRegistrar.methodValidationExcludeFilter'
2024-12-11T15:24:59.026-03:00 DEBUG 15132 --- [proyecto] [           main] o.s.b.f.s.DefaultListableBeanFactory     : Creating shared instance of singleton bean 'org.springframework.aop.config.internalAutoProxyCreator'
2024-12-11T15:24:59.048-03:00 DEBUG 15132 --- [proyecto] [           main] o.s.b.f.s.DefaultListableBeanFactory     : Creating shared instance of singleton bean 'persistenceExceptionTranslationPostProcessor'
2024-12-11T15:24:59.049-03:00 DEBUG 15132 --- [proyecto] [           main] o.s.b.f.s.DefaultListableBeanFactory     : Autowiring by type from bean name 'persistenceExceptionTranslationPostProcessor' via factory method to bean named 'environment'
2024-12-11T15:24:59.052-03:00 DEBUG 15132 --- [proyecto] [           main] o.s.b.f.s.DefaultListableBeanFactory     : Creating shared instance of singleton bean 'webServerFactoryCustomizerBeanPostProcessor'
2024-12-11T15:24:59.053-03:00 DEBUG 15132 --- [proyecto] [           main] o.s.b.f.s.DefaultListableBeanFactory     : Creating shared instance of singleton bean 'errorPageRegistrarBeanPostProcessor'
2024-12-11T15:24:59.053-03:00 DEBUG 15132 --- [proyecto] [           main] o.s.b.f.s.DefaultListableBeanFactory     : Creating shared instance of singleton bean 'projectingArgumentResolverBeanPostProcessor'
2024-12-11T15:24:59.055-03:00 DEBUG 15132 --- [proyecto] [           main] o.s.b.f.s.DefaultListableBeanFactory     : Creating shared instance of singleton bean 'org.springframework.transaction.config.internalTransactionAdvisor'
2024-12-11T15:24:59.055-03:00 DEBUG 15132 --- [proyecto] [           main] o.s.b.f.s.DefaultListableBeanFactory     : Creating shared instance of singleton bean 'org.springframework.transaction.annotation.ProxyTransactionManagementConfiguration'
2024-12-11T15:24:59.067-03:00 DEBUG 15132 --- [proyecto] [           main] o.s.b.f.s.DefaultListableBeanFactory     : Creating shared instance of singleton bean 'transactionAttributeSource'
2024-12-11T15:24:59.069-03:00 DEBUG 15132 --- [proyecto] [           main] o.s.b.f.s.DefaultListableBeanFactory     : Creating shared instance of singleton bean 'transactionInterceptor'
2024-12-11T15:24:59.069-03:00 DEBUG 15132 --- [proyecto] [           main] o.s.b.f.s.DefaultListableBeanFactory     : Autowiring by type from bean name 'transactionInterceptor' via factory method to bean named 'transactionAttributeSource'
2024-12-11T15:24:59.077-03:00 DEBUG 15132 --- [proyecto] [           main] o.s.b.f.s.DefaultListableBeanFactory     : Autowiring by type from bean name 'org.springframework.transaction.config.internalTransactionAdvisor' via factory method to bean named 'transactionAttributeSource'
2024-12-11T15:24:59.077-03:00 DEBUG 15132 --- [proyecto] [           main] o.s.b.f.s.DefaultListableBeanFactory     : Autowiring by type from bean name 'org.springframework.transaction.config.internalTransactionAdvisor' via factory method to bean named 'transactionInterceptor'
2024-12-11T15:24:59.111-03:00 DEBUG 15132 --- [proyecto] [           main] o.s.u.c.s.UiApplicationContextUtils      : Unable to locate ThemeSource with name 'themeSource': using default [org.springframework.ui.context.support.ResourceBundleThemeSource@10664c3d]
2024-12-11T15:24:59.112-03:00 DEBUG 15132 --- [proyecto] [           main] o.s.b.f.s.DefaultListableBeanFactory     : Creating shared instance of singleton bean 'dataSourceScriptDatabaseInitializer'
2024-12-11T15:24:59.113-03:00 DEBUG 15132 --- [proyecto] [           main] o.s.b.f.s.DefaultListableBeanFactory     : Creating shared instance of singleton bean 'org.springframework.boot.autoconfigure.sql.init.DataSourceInitializationConfiguration'
2024-12-11T15:24:59.114-03:00 DEBUG 15132 --- [proyecto] [           main] o.s.b.f.s.DefaultListableBeanFactory     : Creating shared instance of singleton bean 'dataSource'
2024-12-11T15:24:59.115-03:00 DEBUG 15132 --- [proyecto] [           main] o.s.b.f.s.DefaultListableBeanFactory     : Creating shared instance of singleton bean 'org.springframework.boot.autoconfigure.jdbc.DataSourceConfiguration$Hikari'
2024-12-11T15:24:59.116-03:00 DEBUG 15132 --- [proyecto] [           main] o.s.b.f.s.DefaultListableBeanFactory     : Creating shared instance of singleton bean 'spring.datasource-org.springframework.boot.autoconfigure.jdbc.DataSourceProperties'
2024-12-11T15:24:59.117-03:00 DEBUG 15132 --- [proyecto] [           main] o.s.b.f.s.DefaultListableBeanFactory     : Creating shared instance of singleton bean 'org.springframework.boot.context.properties.BoundConfigurationProperties'
2024-12-11T15:24:59.143-03:00 DEBUG 15132 --- [proyecto] [           main] o.s.b.f.s.DefaultListableBeanFactory     : Creating shared instance of singleton bean 'jdbcConnectionDetails'
2024-12-11T15:24:59.143-03:00 DEBUG 15132 --- [proyecto] [           main] o.s.b.f.s.DefaultListableBeanFactory     : Creating shared instance of singleton bean 'org.springframework.boot.autoconfigure.jdbc.DataSourceAutoConfiguration$PooledDataSourceConfiguration'
2024-12-11T15:24:59.145-03:00 DEBUG 15132 --- [proyecto] [           main] o.s.b.f.s.DefaultListableBeanFactory     : Autowiring by type from bean name 'jdbcConnectionDetails' via factory method to bean named 'spring.datasource-org.springframework.boot.autoconfigure.jdbc.DataSourceProperties'
2024-12-11T15:24:59.146-03:00 DEBUG 15132 --- [proyecto] [           main] o.s.b.f.s.DefaultListableBeanFactory     : Autowiring by type from bean name 'dataSource' via factory method to bean named 'spring.datasource-org.springframework.boot.autoconfigure.jdbc.DataSourceProperties'
2024-12-11T15:24:59.146-03:00 DEBUG 15132 --- [proyecto] [           main] o.s.b.f.s.DefaultListableBeanFactory     : Autowiring by type from bean name 'dataSource' via factory method to bean named 'jdbcConnectionDetails'
2024-12-11T15:24:59.331-03:00 DEBUG 15132 --- [proyecto] [           main] o.s.b.f.s.DefaultListableBeanFactory     : Creating shared instance of singleton bean 'spring.sql.init-org.springframework.boot.autoconfigure.sql.init.SqlInitializationProperties'
2024-12-11T15:24:59.335-03:00 DEBUG 15132 --- [proyecto] [           main] o.s.b.f.s.DefaultListableBeanFactory     : Autowiring by type from bean name 'dataSourceScriptDatabaseInitializer' via factory method to bean named 'dataSource'
2024-12-11T15:24:59.335-03:00 DEBUG 15132 --- [proyecto] [           main] o.s.b.f.s.DefaultListableBeanFactory     : Autowiring by type from bean name 'dataSourceScriptDatabaseInitializer' via factory method to bean named 'spring.sql.init-org.springframework.boot.autoconfigure.sql.init.SqlInitializationProperties'
2024-12-11T15:24:59.340-03:00 DEBUG 15132 --- [proyecto] [           main] o.s.b.f.s.DefaultListableBeanFactory     : Creating shared instance of singleton bean 'entityManagerFactory'
2024-12-11T15:24:59.341-03:00 DEBUG 15132 --- [proyecto] [           main] o.s.b.f.s.DefaultListableBeanFactory     : Creating shared instance of singleton bean 'org.springframework.boot.autoconfigure.orm.jpa.HibernateJpaConfiguration'
2024-12-11T15:24:59.342-03:00 DEBUG 15132 --- [proyecto] [           main] o.s.b.f.s.DefaultListableBeanFactory     : Creating shared instance of singleton bean 'spring.jpa-org.springframework.boot.autoconfigure.orm.jpa.JpaProperties'
2024-12-11T15:24:59.348-03:00 DEBUG 15132 --- [proyecto] [           main] o.s.b.f.s.DefaultListableBeanFactory     : Creating shared instance of singleton bean 'spring.jpa.hibernate-org.springframework.boot.autoconfigure.orm.jpa.HibernateProperties'
2024-12-11T15:24:59.350-03:00 DEBUG 15132 --- [proyecto] [           main] o.s.b.f.s.DefaultListableBeanFactory     : Autowiring by type from bean name 'org.springframework.boot.autoconfigure.orm.jpa.HibernateJpaConfiguration' via constructor to bean named 'dataSource'
2024-12-11T15:24:59.350-03:00 DEBUG 15132 --- [proyecto] [           main] o.s.b.f.s.DefaultListableBeanFactory     : Autowiring by type from bean name 'org.springframework.boot.autoconfigure.orm.jpa.HibernateJpaConfiguration' via constructor to bean named 'spring.jpa-org.springframework.boot.autoconfigure.orm.jpa.JpaProperties'
2024-12-11T15:24:59.350-03:00 DEBUG 15132 --- [proyecto] [           main] o.s.b.f.s.DefaultListableBeanFactory     : Autowiring by type from bean name 'org.springframework.boot.autoconfigure.orm.jpa.HibernateJpaConfiguration' via constructor to bean named 'org.springframework.beans.factory.support.DefaultListableBeanFactory@610fbe1c'
2024-12-11T15:24:59.350-03:00 DEBUG 15132 --- [proyecto] [           main] o.s.b.f.s.DefaultListableBeanFactory     : Autowiring by type from bean name 'org.springframework.boot.autoconfigure.orm.jpa.HibernateJpaConfiguration' via constructor to bean named 'spring.jpa.hibernate-org.springframework.boot.autoconfigure.orm.jpa.HibernateProperties'
2024-12-11T15:24:59.354-03:00 DEBUG 15132 --- [proyecto] [           main] o.s.b.f.s.DefaultListableBeanFactory     : Creating shared instance of singleton bean 'hikariPoolDataSourceMetadataProvider'
2024-12-11T15:24:59.354-03:00 DEBUG 15132 --- [proyecto] [           main] o.s.b.f.s.DefaultListableBeanFactory     : Creating shared instance of singleton bean 'org.springframework.boot.autoconfigure.jdbc.metadata.DataSourcePoolMetadataProvidersConfiguration$HikariPoolDataSourceMetadataProviderConfiguration'
2024-12-11T15:24:59.359-03:00 DEBUG 15132 --- [proyecto] [           main] o.s.b.f.s.DefaultListableBeanFactory     : Creating shared instance of singleton bean 'entityManagerFactoryBuilder'
2024-12-11T15:24:59.360-03:00 DEBUG 15132 --- [proyecto] [           main] o.s.b.f.s.DefaultListableBeanFactory     : Creating shared instance of singleton bean 'jpaVendorAdapter'
2024-12-11T15:24:59.378-03:00 DEBUG 15132 --- [proyecto] [           main] o.s.b.f.s.DefaultListableBeanFactory     : Autowiring by type from bean name 'entityManagerFactoryBuilder' via factory method to bean named 'jpaVendorAdapter'
2024-12-11T15:24:59.383-03:00 DEBUG 15132 --- [proyecto] [           main] o.s.b.f.s.DefaultListableBeanFactory     : Creating shared instance of singleton bean 'persistenceManagedTypes'
2024-12-11T15:24:59.384-03:00 DEBUG 15132 --- [proyecto] [           main] o.s.b.f.s.DefaultListableBeanFactory     : Autowiring by type from bean name 'persistenceManagedTypes' via factory method to bean named 'org.springframework.beans.factory.support.DefaultListableBeanFactory@610fbe1c'
2024-12-11T15:24:59.384-03:00 DEBUG 15132 --- [proyecto] [           main] o.s.b.f.s.DefaultListableBeanFactory     : Autowiring by type from bean name 'persistenceManagedTypes' via factory method to bean named 'org.springframework.web.context.support.GenericWebApplicationContext@40c06358'
2024-12-11T15:24:59.394-03:00 DEBUG 15132 --- [proyecto] [           main] o.s.b.f.s.DefaultListableBeanFactory     : Autowiring by type from bean name 'entityManagerFactory' via factory method to bean named 'entityManagerFactoryBuilder'
2024-12-11T15:24:59.394-03:00 DEBUG 15132 --- [proyecto] [           main] o.s.b.f.s.DefaultListableBeanFactory     : Autowiring by type from bean name 'entityManagerFactory' via factory method to bean named 'persistenceManagedTypes'
2024-12-11T15:24:59.416-03:00 DEBUG 15132 --- [proyecto] [           main] j.LocalContainerEntityManagerFactoryBean : Building JPA container EntityManagerFactory for persistence unit 'default'
2024-12-11T15:24:59.439-03:00 DEBUG 15132 --- [proyecto] [           main] o.hibernate.jpa.internal.util.LogHelper  : PersistenceUnitInfo [
	name: default
	persistence provider classname: null
	classloader: jdk.internal.loader.ClassLoaders$AppClassLoader@5a07e868
	excludeUnlistedClasses: true
	JTA datasource: null
	Non JTA datasource: HikariDataSource (null)
	Transaction type: RESOURCE_LOCAL
	PU root URL: file:/C:/Users/Usuario/Documents/GitHub/microservicio1/target/test-classes/
	Shared Cache Mode: UNSPECIFIED
	Validation Mode: AUTO
	Jar files URLs []
	Managed classes names [
		com.nuevo.proyecto.model.Compra
		com.nuevo.proyecto.model.Producto
		com.nuevo.proyecto.model.Usuario]
	Mapping files names []
	Properties []
2024-12-11T15:24:59.458-03:00 DEBUG 15132 --- [proyecto] [           main] o.h.i.internal.IntegratorServiceImpl     : Adding Integrator [org.hibernate.boot.beanvalidation.BeanValidationIntegrator].
2024-12-11T15:24:59.460-03:00 DEBUG 15132 --- [proyecto] [           main] o.h.i.internal.IntegratorServiceImpl     : Adding Integrator [org.hibernate.cache.internal.CollectionCacheInvalidator].
2024-12-11T15:24:59.544-03:00  INFO 15132 --- [proyecto] [           main] org.hibernate.Version                    : HHH000412: Hibernate ORM core version 6.5.3.Final
2024-12-11T15:24:59.546-03:00 DEBUG 15132 --- [proyecto] [           main] org.hibernate.cfg.Environment            : HHH000206: 'hibernate.properties' not found
2024-12-11T15:24:59.584-03:00 DEBUG 15132 --- [proyecto] [           main] org.hibernate.orm.idgen.factory          : Registering IdentifierGenerator strategy [uuid2] -> [org.hibernate.id.UUIDGenerator]
2024-12-11T15:24:59.584-03:00 DEBUG 15132 --- [proyecto] [           main] org.hibernate.orm.idgen.factory          : Registering IdentifierGenerator strategy [guid] -> [org.hibernate.id.GUIDGenerator]
2024-12-11T15:24:59.585-03:00 DEBUG 15132 --- [proyecto] [           main] org.hibernate.orm.idgen.factory          : Registering IdentifierGenerator strategy [uuid] -> [org.hibernate.id.UUIDHexGenerator]
2024-12-11T15:24:59.585-03:00 DEBUG 15132 --- [proyecto] [           main] org.hibernate.orm.idgen.factory          : Registering IdentifierGenerator strategy [uuid.hex] -> [org.hibernate.id.UUIDHexGenerator]
2024-12-11T15:24:59.586-03:00 DEBUG 15132 --- [proyecto] [           main] org.hibernate.orm.idgen.factory          : Registering IdentifierGenerator strategy [assigned] -> [org.hibernate.id.Assigned]
2024-12-11T15:24:59.587-03:00 DEBUG 15132 --- [proyecto] [           main] org.hibernate.orm.idgen.factory          : Registering IdentifierGenerator strategy [identity] -> [org.hibernate.id.IdentityGenerator]
2024-12-11T15:24:59.588-03:00 DEBUG 15132 --- [proyecto] [           main] org.hibernate.orm.idgen.factory          : Registering IdentifierGenerator strategy [select] -> [org.hibernate.id.SelectGenerator]
2024-12-11T15:24:59.590-03:00 DEBUG 15132 --- [proyecto] [           main] org.hibernate.orm.idgen.factory          : Registering IdentifierGenerator strategy [sequence] -> [org.hibernate.id.enhanced.SequenceStyleGenerator]
2024-12-11T15:24:59.591-03:00 DEBUG 15132 --- [proyecto] [           main] org.hibernate.orm.idgen.factory          : Registering IdentifierGenerator strategy [increment] -> [org.hibernate.id.IncrementGenerator]
2024-12-11T15:24:59.591-03:00 DEBUG 15132 --- [proyecto] [           main] org.hibernate.orm.idgen.factory          : Registering IdentifierGenerator strategy [foreign] -> [org.hibernate.id.ForeignGenerator]
2024-12-11T15:24:59.592-03:00 DEBUG 15132 --- [proyecto] [           main] org.hibernate.orm.idgen.factory          : Registering IdentifierGenerator strategy [enhanced-sequence] -> [org.hibernate.id.enhanced.SequenceStyleGenerator]
2024-12-11T15:24:59.593-03:00 DEBUG 15132 --- [proyecto] [           main] org.hibernate.orm.idgen.factory          : Registering IdentifierGenerator strategy [enhanced-table] -> [org.hibernate.id.enhanced.TableGenerator]
2024-12-11T15:24:59.603-03:00 DEBUG 15132 --- [proyecto] [           main] o.h.c.internal.RegionFactoryInitiator    : Cannot default RegionFactory based on registered strategies as `[]` RegionFactory strategies were registered
2024-12-11T15:24:59.604-03:00  INFO 15132 --- [proyecto] [           main] o.h.c.internal.RegionFactoryInitiator    : HHH000026: Second-level cache disabled
2024-12-11T15:24:59.753-03:00 DEBUG 15132 --- [proyecto] [           main] org.hibernate.type.BasicTypeRegistry     : Adding type registration boolean -> org.hibernate.type.BasicTypeReference@d4e17ec
2024-12-11T15:24:59.753-03:00 DEBUG 15132 --- [proyecto] [           main] org.hibernate.type.BasicTypeRegistry     : Adding type registration boolean -> org.hibernate.type.BasicTypeReference@d4e17ec
2024-12-11T15:24:59.753-03:00 DEBUG 15132 --- [proyecto] [           main] org.hibernate.type.BasicTypeRegistry     : Adding type registration java.lang.Boolean -> org.hibernate.type.BasicTypeReference@d4e17ec
2024-12-11T15:24:59.753-03:00 DEBUG 15132 --- [proyecto] [           main] org.hibernate.type.BasicTypeRegistry     : Adding type registration numeric_boolean -> org.hibernate.type.BasicTypeReference@41d34a11
2024-12-11T15:24:59.753-03:00 DEBUG 15132 --- [proyecto] [           main] org.hibernate.type.BasicTypeRegistry     : Adding type registration org.hibernate.type.NumericBooleanConverter -> org.hibernate.type.BasicTypeReference@41d34a11
2024-12-11T15:24:59.753-03:00 DEBUG 15132 --- [proyecto] [           main] org.hibernate.type.BasicTypeRegistry     : Adding type registration true_false -> org.hibernate.type.BasicTypeReference@2a58d00a
2024-12-11T15:24:59.753-03:00 DEBUG 15132 --- [proyecto] [           main] org.hibernate.type.BasicTypeRegistry     : Adding type registration org.hibernate.type.TrueFalseConverter -> org.hibernate.type.BasicTypeReference@2a58d00a
2024-12-11T15:24:59.753-03:00 DEBUG 15132 --- [proyecto] [           main] org.hibernate.type.BasicTypeRegistry     : Adding type registration yes_no -> org.hibernate.type.BasicTypeReference@53af65eb
2024-12-11T15:24:59.754-03:00 DEBUG 15132 --- [proyecto] [           main] org.hibernate.type.BasicTypeRegistry     : Adding type registration org.hibernate.type.YesNoConverter -> org.hibernate.type.BasicTypeReference@53af65eb
2024-12-11T15:24:59.754-03:00 DEBUG 15132 --- [proyecto] [           main] org.hibernate.type.BasicTypeRegistry     : Adding type registration byte -> org.hibernate.type.BasicTypeReference@2ea3f905
2024-12-11T15:24:59.754-03:00 DEBUG 15132 --- [proyecto] [           main] org.hibernate.type.BasicTypeRegistry     : Adding type registration byte -> org.hibernate.type.BasicTypeReference@2ea3f905
2024-12-11T15:24:59.754-03:00 DEBUG 15132 --- [proyecto] [           main] org.hibernate.type.BasicTypeRegistry     : Adding type registration java.lang.Byte -> org.hibernate.type.BasicTypeReference@2ea3f905
2024-12-11T15:24:59.754-03:00 DEBUG 15132 --- [proyecto] [           main] org.hibernate.type.BasicTypeRegistry     : Adding type registration binary -> org.hibernate.type.BasicTypeReference@757bbd02
2024-12-11T15:24:59.754-03:00 DEBUG 15132 --- [proyecto] [           main] org.hibernate.type.BasicTypeRegistry     : Adding type registration byte[] -> org.hibernate.type.BasicTypeReference@757bbd02
2024-12-11T15:24:59.754-03:00 DEBUG 15132 --- [proyecto] [           main] org.hibernate.type.BasicTypeRegistry     : Adding type registration [B -> org.hibernate.type.BasicTypeReference@757bbd02
2024-12-11T15:24:59.754-03:00 DEBUG 15132 --- [proyecto] [           main] org.hibernate.type.BasicTypeRegistry     : Adding type registration binary_wrapper -> org.hibernate.type.BasicTypeReference@194feb27
2024-12-11T15:24:59.754-03:00 DEBUG 15132 --- [proyecto] [           main] org.hibernate.type.BasicTypeRegistry     : Adding type registration wrapper-binary -> org.hibernate.type.BasicTypeReference@194feb27
2024-12-11T15:24:59.754-03:00 DEBUG 15132 --- [proyecto] [           main] org.hibernate.type.BasicTypeRegistry     : Adding type registration image -> org.hibernate.type.BasicTypeReference@316745d8
2024-12-11T15:24:59.754-03:00 DEBUG 15132 --- [proyecto] [           main] org.hibernate.type.BasicTypeRegistry     : Adding type registration blob -> org.hibernate.type.BasicTypeReference@3df920
2024-12-11T15:24:59.754-03:00 DEBUG 15132 --- [proyecto] [           main] org.hibernate.type.BasicTypeRegistry     : Adding type registration java.sql.Blob -> org.hibernate.type.BasicTypeReference@3df920
2024-12-11T15:24:59.754-03:00 DEBUG 15132 --- [proyecto] [           main] org.hibernate.type.BasicTypeRegistry     : Adding type registration materialized_blob -> org.hibernate.type.BasicTypeReference@2806c788
2024-12-11T15:24:59.755-03:00 DEBUG 15132 --- [proyecto] [           main] org.hibernate.type.BasicTypeRegistry     : Adding type registration materialized_blob_wrapper -> org.hibernate.type.BasicTypeReference@4ef6177c
2024-12-11T15:24:59.755-03:00 DEBUG 15132 --- [proyecto] [           main] org.hibernate.type.BasicTypeRegistry     : Adding type registration short -> org.hibernate.type.BasicTypeReference@45b4d2ff
2024-12-11T15:24:59.755-03:00 DEBUG 15132 --- [proyecto] [           main] org.hibernate.type.BasicTypeRegistry     : Adding type registration short -> org.hibernate.type.BasicTypeReference@45b4d2ff
2024-12-11T15:24:59.755-03:00 DEBUG 15132 --- [proyecto] [           main] org.hibernate.type.BasicTypeRegistry     : Adding type registration java.lang.Short -> org.hibernate.type.BasicTypeReference@45b4d2ff
2024-12-11T15:24:59.755-03:00 DEBUG 15132 --- [proyecto] [           main] org.hibernate.type.BasicTypeRegistry     : Adding type registration integer -> org.hibernate.type.BasicTypeReference@2aafd790
2024-12-11T15:24:59.755-03:00 DEBUG 15132 --- [proyecto] [           main] org.hibernate.type.BasicTypeRegistry     : Adding type registration int -> org.hibernate.type.BasicTypeReference@2aafd790
2024-12-11T15:24:59.755-03:00 DEBUG 15132 --- [proyecto] [           main] org.hibernate.type.BasicTypeRegistry     : Adding type registration java.lang.Integer -> org.hibernate.type.BasicTypeReference@2aafd790
2024-12-11T15:24:59.755-03:00 DEBUG 15132 --- [proyecto] [           main] org.hibernate.type.BasicTypeRegistry     : Adding type registration long -> org.hibernate.type.BasicTypeReference@340b7fca
2024-12-11T15:24:59.755-03:00 DEBUG 15132 --- [proyecto] [           main] org.hibernate.type.BasicTypeRegistry     : Adding type registration long -> org.hibernate.type.BasicTypeReference@340b7fca
2024-12-11T15:24:59.755-03:00 DEBUG 15132 --- [proyecto] [           main] org.hibernate.type.BasicTypeRegistry     : Adding type registration java.lang.Long -> org.hibernate.type.BasicTypeReference@340b7fca
2024-12-11T15:24:59.755-03:00 DEBUG 15132 --- [proyecto] [           main] org.hibernate.type.BasicTypeRegistry     : Adding type registration float -> org.hibernate.type.BasicTypeReference@4ab8c3c0
2024-12-11T15:24:59.756-03:00 DEBUG 15132 --- [proyecto] [           main] org.hibernate.type.BasicTypeRegistry     : Adding type registration float -> org.hibernate.type.BasicTypeReference@4ab8c3c0
2024-12-11T15:24:59.756-03:00 DEBUG 15132 --- [proyecto] [           main] org.hibernate.type.BasicTypeRegistry     : Adding type registration java.lang.Float -> org.hibernate.type.BasicTypeReference@4ab8c3c0
2024-12-11T15:24:59.756-03:00 DEBUG 15132 --- [proyecto] [           main] org.hibernate.type.BasicTypeRegistry     : Adding type registration double -> org.hibernate.type.BasicTypeReference@2978d342
2024-12-11T15:24:59.756-03:00 DEBUG 15132 --- [proyecto] [           main] org.hibernate.type.BasicTypeRegistry     : Adding type registration double -> org.hibernate.type.BasicTypeReference@2978d342
2024-12-11T15:24:59.756-03:00 DEBUG 15132 --- [proyecto] [           main] org.hibernate.type.BasicTypeRegistry     : Adding type registration java.lang.Double -> org.hibernate.type.BasicTypeReference@2978d342
2024-12-11T15:24:59.756-03:00 DEBUG 15132 --- [proyecto] [           main] org.hibernate.type.BasicTypeRegistry     : Adding type registration big_integer -> org.hibernate.type.BasicTypeReference@7dbf92aa
2024-12-11T15:24:59.756-03:00 DEBUG 15132 --- [proyecto] [           main] org.hibernate.type.BasicTypeRegistry     : Adding type registration java.math.BigInteger -> org.hibernate.type.BasicTypeReference@7dbf92aa
2024-12-11T15:24:59.756-03:00 DEBUG 15132 --- [proyecto] [           main] org.hibernate.type.BasicTypeRegistry     : Adding type registration big_decimal -> org.hibernate.type.BasicTypeReference@122557f8
2024-12-11T15:24:59.756-03:00 DEBUG 15132 --- [proyecto] [           main] org.hibernate.type.BasicTypeRegistry     : Adding type registration java.math.BigDecimal -> org.hibernate.type.BasicTypeReference@122557f8
2024-12-11T15:24:59.756-03:00 DEBUG 15132 --- [proyecto] [           main] org.hibernate.type.BasicTypeRegistry     : Adding type registration character -> org.hibernate.type.BasicTypeReference@1e8f20bf
2024-12-11T15:24:59.756-03:00 DEBUG 15132 --- [proyecto] [           main] org.hibernate.type.BasicTypeRegistry     : Adding type registration char -> org.hibernate.type.BasicTypeReference@1e8f20bf
2024-12-11T15:24:59.756-03:00 DEBUG 15132 --- [proyecto] [           main] org.hibernate.type.BasicTypeRegistry     : Adding type registration java.lang.Character -> org.hibernate.type.BasicTypeReference@1e8f20bf
2024-12-11T15:24:59.756-03:00 DEBUG 15132 --- [proyecto] [           main] org.hibernate.type.BasicTypeRegistry     : Adding type registration character_nchar -> org.hibernate.type.BasicTypeReference@718212ef
2024-12-11T15:24:59.757-03:00 DEBUG 15132 --- [proyecto] [           main] org.hibernate.type.BasicTypeRegistry     : Adding type registration string -> org.hibernate.type.BasicTypeReference@70a9f4b7
2024-12-11T15:24:59.757-03:00 DEBUG 15132 --- [proyecto] [           main] org.hibernate.type.BasicTypeRegistry     : Adding type registration java.lang.String -> org.hibernate.type.BasicTypeReference@70a9f4b7
2024-12-11T15:24:59.757-03:00 DEBUG 15132 --- [proyecto] [           main] org.hibernate.type.BasicTypeRegistry     : Adding type registration nstring -> org.hibernate.type.BasicTypeReference@488bf7cd
2024-12-11T15:24:59.757-03:00 DEBUG 15132 --- [proyecto] [           main] org.hibernate.type.BasicTypeRegistry     : Adding type registration characters -> org.hibernate.type.BasicTypeReference@2fe6bcbb
2024-12-11T15:24:59.757-03:00 DEBUG 15132 --- [proyecto] [           main] org.hibernate.type.BasicTypeRegistry     : Adding type registration char[] -> org.hibernate.type.BasicTypeReference@2fe6bcbb
2024-12-11T15:24:59.757-03:00 DEBUG 15132 --- [proyecto] [           main] org.hibernate.type.BasicTypeRegistry     : Adding type registration [C -> org.hibernate.type.BasicTypeReference@2fe6bcbb
2024-12-11T15:24:59.757-03:00 DEBUG 15132 --- [proyecto] [           main] org.hibernate.type.BasicTypeRegistry     : Adding type registration wrapper-characters -> org.hibernate.type.BasicTypeReference@4e92c6c2
2024-12-11T15:24:59.757-03:00 DEBUG 15132 --- [proyecto] [           main] org.hibernate.type.BasicTypeRegistry     : Adding type registration text -> org.hibernate.type.BasicTypeReference@71a18feb
2024-12-11T15:24:59.757-03:00 DEBUG 15132 --- [proyecto] [           main] org.hibernate.type.BasicTypeRegistry     : Adding type registration ntext -> org.hibernate.type.BasicTypeReference@66032b8d
2024-12-11T15:24:59.757-03:00 DEBUG 15132 --- [proyecto] [           main] org.hibernate.type.BasicTypeRegistry     : Adding type registration clob -> org.hibernate.type.BasicTypeReference@7c1a5092
2024-12-11T15:24:59.757-03:00 DEBUG 15132 --- [proyecto] [           main] org.hibernate.type.BasicTypeRegistry     : Adding type registration java.sql.Clob -> org.hibernate.type.BasicTypeReference@7c1a5092
2024-12-11T15:24:59.757-03:00 DEBUG 15132 --- [proyecto] [           main] org.hibernate.type.BasicTypeRegistry     : Adding type registration nclob -> org.hibernate.type.BasicTypeReference@24663d05
2024-12-11T15:24:59.757-03:00 DEBUG 15132 --- [proyecto] [           main] org.hibernate.type.BasicTypeRegistry     : Adding type registration java.sql.NClob -> org.hibernate.type.BasicTypeReference@24663d05
2024-12-11T15:24:59.758-03:00 DEBUG 15132 --- [proyecto] [           main] org.hibernate.type.BasicTypeRegistry     : Adding type registration materialized_clob -> org.hibernate.type.BasicTypeReference@59c530b5
2024-12-11T15:24:59.758-03:00 DEBUG 15132 --- [proyecto] [           main] org.hibernate.type.BasicTypeRegistry     : Adding type registration materialized_clob_char_array -> org.hibernate.type.BasicTypeReference@26652743
2024-12-11T15:24:59.758-03:00 DEBUG 15132 --- [proyecto] [           main] org.hibernate.type.BasicTypeRegistry     : Adding type registration materialized_clob_character_array -> org.hibernate.type.BasicTypeReference@8d56ddd
2024-12-11T15:24:59.758-03:00 DEBUG 15132 --- [proyecto] [           main] org.hibernate.type.BasicTypeRegistry     : Adding type registration materialized_nclob -> org.hibernate.type.BasicTypeReference@1d4ee7d7
2024-12-11T15:24:59.758-03:00 DEBUG 15132 --- [proyecto] [           main] org.hibernate.type.BasicTypeRegistry     : Adding type registration materialized_nclob_character_array -> org.hibernate.type.BasicTypeReference@6d7e2c53
2024-12-11T15:24:59.758-03:00 DEBUG 15132 --- [proyecto] [           main] org.hibernate.type.BasicTypeRegistry     : Adding type registration materialized_nclob_char_array -> org.hibernate.type.BasicTypeReference@62ae5180
2024-12-11T15:24:59.759-03:00 DEBUG 15132 --- [proyecto] [           main] org.hibernate.type.BasicTypeRegistry     : Adding type registration Duration -> org.hibernate.type.BasicTypeReference@4136638d
2024-12-11T15:24:59.759-03:00 DEBUG 15132 --- [proyecto] [           main] org.hibernate.type.BasicTypeRegistry     : Adding type registration java.time.Duration -> org.hibernate.type.BasicTypeReference@4136638d
2024-12-11T15:24:59.759-03:00 DEBUG 15132 --- [proyecto] [           main] org.hibernate.type.BasicTypeRegistry     : Adding type registration LocalDateTime -> org.hibernate.type.BasicTypeReference@2bac4423
2024-12-11T15:24:59.759-03:00 DEBUG 15132 --- [proyecto] [           main] org.hibernate.type.BasicTypeRegistry     : Adding type registration java.time.LocalDateTime -> org.hibernate.type.BasicTypeReference@2bac4423
2024-12-11T15:24:59.760-03:00 DEBUG 15132 --- [proyecto] [           main] org.hibernate.type.BasicTypeRegistry     : Adding type registration LocalDate -> org.hibernate.type.BasicTypeReference@37acf9b1
2024-12-11T15:24:59.760-03:00 DEBUG 15132 --- [proyecto] [           main] org.hibernate.type.BasicTypeRegistry     : Adding type registration java.time.LocalDate -> org.hibernate.type.BasicTypeReference@37acf9b1
2024-12-11T15:24:59.760-03:00 DEBUG 15132 --- [proyecto] [           main] org.hibernate.type.BasicTypeRegistry     : Adding type registration LocalTime -> org.hibernate.type.BasicTypeReference@279e9c95
2024-12-11T15:24:59.760-03:00 DEBUG 15132 --- [proyecto] [           main] org.hibernate.type.BasicTypeRegistry     : Adding type registration java.time.LocalTime -> org.hibernate.type.BasicTypeReference@279e9c95
2024-12-11T15:24:59.760-03:00 DEBUG 15132 --- [proyecto] [           main] org.hibernate.type.BasicTypeRegistry     : Adding type registration OffsetDateTime -> org.hibernate.type.BasicTypeReference@5546a9e0
2024-12-11T15:24:59.760-03:00 DEBUG 15132 --- [proyecto] [           main] org.hibernate.type.BasicTypeRegistry     : Adding type registration java.time.OffsetDateTime -> org.hibernate.type.BasicTypeReference@5546a9e0
2024-12-11T15:24:59.760-03:00 DEBUG 15132 --- [proyecto] [           main] org.hibernate.type.BasicTypeRegistry     : Adding type registration OffsetDateTimeWithTimezone -> org.hibernate.type.BasicTypeReference@1c027237
2024-12-11T15:24:59.760-03:00 DEBUG 15132 --- [proyecto] [           main] org.hibernate.type.BasicTypeRegistry     : Adding type registration OffsetDateTimeWithoutTimezone -> org.hibernate.type.BasicTypeReference@4cb37177
2024-12-11T15:24:59.760-03:00 DEBUG 15132 --- [proyecto] [           main] org.hibernate.type.BasicTypeRegistry     : Adding type registration OffsetTime -> org.hibernate.type.BasicTypeReference@1f9a3640
2024-12-11T15:24:59.761-03:00 DEBUG 15132 --- [proyecto] [           main] org.hibernate.type.BasicTypeRegistry     : Adding type registration java.time.OffsetTime -> org.hibernate.type.BasicTypeReference@1f9a3640
2024-12-11T15:24:59.761-03:00 DEBUG 15132 --- [proyecto] [           main] org.hibernate.type.BasicTypeRegistry     : Adding type registration OffsetTimeUtc -> org.hibernate.type.BasicTypeReference@7ff395fa
2024-12-11T15:24:59.761-03:00 DEBUG 15132 --- [proyecto] [           main] org.hibernate.type.BasicTypeRegistry     : Adding type registration OffsetTimeWithTimezone -> org.hibernate.type.BasicTypeReference@70efc3f9
2024-12-11T15:24:59.761-03:00 DEBUG 15132 --- [proyecto] [           main] org.hibernate.type.BasicTypeRegistry     : Adding type registration OffsetTimeWithoutTimezone -> org.hibernate.type.BasicTypeReference@27002c5a
2024-12-11T15:24:59.761-03:00 DEBUG 15132 --- [proyecto] [           main] org.hibernate.type.BasicTypeRegistry     : Adding type registration ZonedDateTime -> org.hibernate.type.BasicTypeReference@69e636cc
2024-12-11T15:24:59.761-03:00 DEBUG 15132 --- [proyecto] [           main] org.hibernate.type.BasicTypeRegistry     : Adding type registration java.time.ZonedDateTime -> org.hibernate.type.BasicTypeReference@69e636cc
2024-12-11T15:24:59.761-03:00 DEBUG 15132 --- [proyecto] [           main] org.hibernate.type.BasicTypeRegistry     : Adding type registration ZonedDateTimeWithTimezone -> org.hibernate.type.BasicTypeReference@a59324f
2024-12-11T15:24:59.761-03:00 DEBUG 15132 --- [proyecto] [           main] org.hibernate.type.BasicTypeRegistry     : Adding type registration ZonedDateTimeWithoutTimezone -> org.hibernate.type.BasicTypeReference@427c8f6
2024-12-11T15:24:59.761-03:00 DEBUG 15132 --- [proyecto] [           main] org.hibernate.type.BasicTypeRegistry     : Adding type registration date -> org.hibernate.type.BasicTypeReference@226346d4
2024-12-11T15:24:59.762-03:00 DEBUG 15132 --- [proyecto] [           main] org.hibernate.type.BasicTypeRegistry     : Adding type registration java.sql.Date -> org.hibernate.type.BasicTypeReference@226346d4
2024-12-11T15:24:59.762-03:00 DEBUG 15132 --- [proyecto] [           main] org.hibernate.type.BasicTypeRegistry     : Adding type registration time -> org.hibernate.type.BasicTypeReference@7aeb5402
2024-12-11T15:24:59.762-03:00 DEBUG 15132 --- [proyecto] [           main] org.hibernate.type.BasicTypeRegistry     : Adding type registration java.sql.Time -> org.hibernate.type.BasicTypeReference@7aeb5402
2024-12-11T15:24:59.762-03:00 DEBUG 15132 --- [proyecto] [           main] org.hibernate.type.BasicTypeRegistry     : Adding type registration timestamp -> org.hibernate.type.BasicTypeReference@39e3da5a
2024-12-11T15:24:59.762-03:00 DEBUG 15132 --- [proyecto] [           main] org.hibernate.type.BasicTypeRegistry     : Adding type registration java.sql.Timestamp -> org.hibernate.type.BasicTypeReference@39e3da5a
2024-12-11T15:24:59.762-03:00 DEBUG 15132 --- [proyecto] [           main] org.hibernate.type.BasicTypeRegistry     : Adding type registration java.util.Date -> org.hibernate.type.BasicTypeReference@39e3da5a
2024-12-11T15:24:59.762-03:00 DEBUG 15132 --- [proyecto] [           main] org.hibernate.type.BasicTypeRegistry     : Adding type registration calendar -> org.hibernate.type.BasicTypeReference@339d5e8
2024-12-11T15:24:59.763-03:00 DEBUG 15132 --- [proyecto] [           main] org.hibernate.type.BasicTypeRegistry     : Adding type registration java.util.Calendar -> org.hibernate.type.BasicTypeReference@339d5e8
2024-12-11T15:24:59.763-03:00 DEBUG 15132 --- [proyecto] [           main] org.hibernate.type.BasicTypeRegistry     : Adding type registration java.util.GregorianCalendar -> org.hibernate.type.BasicTypeReference@339d5e8
2024-12-11T15:24:59.764-03:00 DEBUG 15132 --- [proyecto] [           main] org.hibernate.type.BasicTypeRegistry     : Adding type registration calendar_date -> org.hibernate.type.BasicTypeReference@3bd466bd
2024-12-11T15:24:59.764-03:00 DEBUG 15132 --- [proyecto] [           main] org.hibernate.type.BasicTypeRegistry     : Adding type registration calendar_time -> org.hibernate.type.BasicTypeReference@3c2956a6
2024-12-11T15:24:59.764-03:00 DEBUG 15132 --- [proyecto] [           main] org.hibernate.type.BasicTypeRegistry     : Adding type registration instant -> org.hibernate.type.BasicTypeReference@7172525e
2024-12-11T15:24:59.765-03:00 DEBUG 15132 --- [proyecto] [           main] org.hibernate.type.BasicTypeRegistry     : Adding type registration java.time.Instant -> org.hibernate.type.BasicTypeReference@7172525e
2024-12-11T15:24:59.766-03:00 DEBUG 15132 --- [proyecto] [           main] org.hibernate.type.BasicTypeRegistry     : Adding type registration uuid -> org.hibernate.type.BasicTypeReference@698b2343
2024-12-11T15:24:59.766-03:00 DEBUG 15132 --- [proyecto] [           main] org.hibernate.type.BasicTypeRegistry     : Adding type registration java.util.UUID -> org.hibernate.type.BasicTypeReference@698b2343
2024-12-11T15:24:59.767-03:00 DEBUG 15132 --- [proyecto] [           main] org.hibernate.type.BasicTypeRegistry     : Adding type registration pg-uuid -> org.hibernate.type.BasicTypeReference@698b2343
2024-12-11T15:24:59.767-03:00 DEBUG 15132 --- [proyecto] [           main] org.hibernate.type.BasicTypeRegistry     : Adding type registration uuid-binary -> org.hibernate.type.BasicTypeReference@9a00385
2024-12-11T15:24:59.767-03:00 DEBUG 15132 --- [proyecto] [           main] org.hibernate.type.BasicTypeRegistry     : Adding type registration uuid-char -> org.hibernate.type.BasicTypeReference@7f4ae871
2024-12-11T15:24:59.767-03:00 DEBUG 15132 --- [proyecto] [           main] org.hibernate.type.BasicTypeRegistry     : Adding type registration class -> org.hibernate.type.BasicTypeReference@1cc9b564
2024-12-11T15:24:59.768-03:00 DEBUG 15132 --- [proyecto] [           main] org.hibernate.type.BasicTypeRegistry     : Adding type registration java.lang.Class -> org.hibernate.type.BasicTypeReference@1cc9b564
2024-12-11T15:24:59.768-03:00 DEBUG 15132 --- [proyecto] [           main] org.hibernate.type.BasicTypeRegistry     : Adding type registration currency -> org.hibernate.type.BasicTypeReference@2ce80c85
2024-12-11T15:24:59.768-03:00 DEBUG 15132 --- [proyecto] [           main] org.hibernate.type.BasicTypeRegistry     : Adding type registration Currency -> org.hibernate.type.BasicTypeReference@2ce80c85
2024-12-11T15:24:59.768-03:00 DEBUG 15132 --- [proyecto] [           main] org.hibernate.type.BasicTypeRegistry     : Adding type registration java.util.Currency -> org.hibernate.type.BasicTypeReference@2ce80c85
2024-12-11T15:24:59.768-03:00 DEBUG 15132 --- [proyecto] [           main] org.hibernate.type.BasicTypeRegistry     : Adding type registration locale -> org.hibernate.type.BasicTypeReference@25dd9eb6
2024-12-11T15:24:59.768-03:00 DEBUG 15132 --- [proyecto] [           main] org.hibernate.type.BasicTypeRegistry     : Adding type registration java.util.Locale -> org.hibernate.type.BasicTypeReference@25dd9eb6
2024-12-11T15:24:59.768-03:00 DEBUG 15132 --- [proyecto] [           main] org.hibernate.type.BasicTypeRegistry     : Adding type registration serializable -> org.hibernate.type.BasicTypeReference@d7ce31c
2024-12-11T15:24:59.769-03:00 DEBUG 15132 --- [proyecto] [           main] org.hibernate.type.BasicTypeRegistry     : Adding type registration java.io.Serializable -> org.hibernate.type.BasicTypeReference@d7ce31c
2024-12-11T15:24:59.769-03:00 DEBUG 15132 --- [proyecto] [           main] org.hibernate.type.BasicTypeRegistry     : Adding type registration timezone -> org.hibernate.type.BasicTypeReference@5ccf1542
2024-12-11T15:24:59.769-03:00 DEBUG 15132 --- [proyecto] [           main] org.hibernate.type.BasicTypeRegistry     : Adding type registration java.util.TimeZone -> org.hibernate.type.BasicTypeReference@5ccf1542
2024-12-11T15:24:59.769-03:00 DEBUG 15132 --- [proyecto] [           main] org.hibernate.type.BasicTypeRegistry     : Adding type registration ZoneOffset -> org.hibernate.type.BasicTypeReference@302fa67a
2024-12-11T15:24:59.769-03:00 DEBUG 15132 --- [proyecto] [           main] org.hibernate.type.BasicTypeRegistry     : Adding type registration java.time.ZoneOffset -> org.hibernate.type.BasicTypeReference@302fa67a
2024-12-11T15:24:59.769-03:00 DEBUG 15132 --- [proyecto] [           main] org.hibernate.type.BasicTypeRegistry     : Adding type registration url -> org.hibernate.type.BasicTypeReference@794eb6e7
2024-12-11T15:24:59.769-03:00 DEBUG 15132 --- [proyecto] [           main] org.hibernate.type.BasicTypeRegistry     : Adding type registration java.net.URL -> org.hibernate.type.BasicTypeReference@794eb6e7
2024-12-11T15:24:59.769-03:00 DEBUG 15132 --- [proyecto] [           main] org.hibernate.type.BasicTypeRegistry     : Adding type registration vector -> org.hibernate.type.BasicTypeReference@13c0ced1
2024-12-11T15:24:59.769-03:00 DEBUG 15132 --- [proyecto] [           main] org.hibernate.type.BasicTypeRegistry     : Adding type registration row_version -> org.hibernate.type.BasicTypeReference@3701acee
2024-12-11T15:24:59.781-03:00 DEBUG 15132 --- [proyecto] [           main] org.hibernate.type.BasicTypeRegistry     : Adding type registration object -> org.hibernate.type.JavaObjectType@8e0b048
2024-12-11T15:24:59.781-03:00 DEBUG 15132 --- [proyecto] [           main] org.hibernate.type.BasicTypeRegistry     : Adding type registration java.lang.Object -> org.hibernate.type.JavaObjectType@8e0b048
2024-12-11T15:24:59.784-03:00 DEBUG 15132 --- [proyecto] [           main] org.hibernate.type.BasicTypeRegistry     : Adding type registration null -> org.hibernate.type.NullType@4044f07b
2024-12-11T15:24:59.784-03:00 DEBUG 15132 --- [proyecto] [           main] org.hibernate.type.BasicTypeRegistry     : Adding type registration imm_date -> org.hibernate.type.BasicTypeReference@5f8c319
2024-12-11T15:24:59.785-03:00 DEBUG 15132 --- [proyecto] [           main] org.hibernate.type.BasicTypeRegistry     : Adding type registration imm_time -> org.hibernate.type.BasicTypeReference@5c190662
2024-12-11T15:24:59.785-03:00 DEBUG 15132 --- [proyecto] [           main] org.hibernate.type.BasicTypeRegistry     : Adding type registration imm_timestamp -> org.hibernate.type.BasicTypeReference@5d6de24e
2024-12-11T15:24:59.785-03:00 DEBUG 15132 --- [proyecto] [           main] org.hibernate.type.BasicTypeRegistry     : Adding type registration imm_calendar -> org.hibernate.type.BasicTypeReference@3acd06b0
2024-12-11T15:24:59.785-03:00 DEBUG 15132 --- [proyecto] [           main] org.hibernate.type.BasicTypeRegistry     : Adding type registration imm_calendar_date -> org.hibernate.type.BasicTypeReference@796eeafb
2024-12-11T15:24:59.785-03:00 DEBUG 15132 --- [proyecto] [           main] org.hibernate.type.BasicTypeRegistry     : Adding type registration imm_calendar_time -> org.hibernate.type.BasicTypeReference@6dd0d9a2
2024-12-11T15:24:59.785-03:00 DEBUG 15132 --- [proyecto] [           main] org.hibernate.type.BasicTypeRegistry     : Adding type registration imm_binary -> org.hibernate.type.BasicTypeReference@5f9d29c4
2024-12-11T15:24:59.785-03:00 DEBUG 15132 --- [proyecto] [           main] org.hibernate.type.BasicTypeRegistry     : Adding type registration imm_serializable -> org.hibernate.type.BasicTypeReference@d374c01
2024-12-11T15:24:59.798-03:00 DEBUG 15132 --- [proyecto] [           main] o.h.boot.internal.BootstrapContextImpl   : Injecting JPA temp ClassLoader [org.springframework.instrument.classloading.SimpleThrowawayClassLoader@2db15764] into BootstrapContext; was [null]
2024-12-11T15:24:59.799-03:00 DEBUG 15132 --- [proyecto] [           main] o.h.boot.internal.ClassLoaderAccessImpl  : ClassLoaderAccessImpl#injectTempClassLoader(org.springframework.instrument.classloading.SimpleThrowawayClassLoader@2db15764) [was null]
2024-12-11T15:24:59.800-03:00 DEBUG 15132 --- [proyecto] [           main] o.h.boot.internal.BootstrapContextImpl   : Injecting ScanEnvironment [org.hibernate.jpa.boot.internal.StandardJpaScanEnvironmentImpl@34e785db] into BootstrapContext; was [null]
2024-12-11T15:24:59.800-03:00 DEBUG 15132 --- [proyecto] [           main] o.h.boot.internal.BootstrapContextImpl   : Injecting ScanOptions [org.hibernate.boot.archive.scan.internal.StandardScanOptions@5f83b506] into BootstrapContext; was [org.hibernate.boot.archive.scan.internal.StandardScanOptions@59294447]
2024-12-11T15:25:00.148-03:00  INFO 15132 --- [proyecto] [           main] o.s.o.j.p.SpringPersistenceUnitInfo      : No LoadTimeWeaver setup: ignoring JPA class transformer
2024-12-11T15:25:00.148-03:00 DEBUG 15132 --- [proyecto] [           main] o.h.boot.internal.BootstrapContextImpl   : Injecting JPA temp ClassLoader [null] into BootstrapContext; was [org.springframework.instrument.classloading.SimpleThrowawayClassLoader@2db15764]
2024-12-11T15:25:00.148-03:00 DEBUG 15132 --- [proyecto] [           main] o.h.boot.internal.ClassLoaderAccessImpl  : ClassLoaderAccessImpl#injectTempClassLoader(null) [was org.springframework.instrument.classloading.SimpleThrowawayClassLoader@2db15764]
2024-12-11T15:25:00.195-03:00  INFO 15132 --- [proyecto] [           main] com.zaxxer.hikari.HikariDataSource       : HikariPool-1 - Starting...
2024-12-11T15:25:00.200-03:00  WARN 15132 --- [proyecto] [           main] c.zaxxer.hikari.util.DriverDataSource    : Registered driver with driverClassName=oracle.jdbc.driver.OracleDriver was not found, trying direct instantiation.
2024-12-11T15:25:01.380-03:00  INFO 15132 --- [proyecto] [           main] com.zaxxer.hikari.pool.HikariPool        : HikariPool-1 - Added connection oracle.jdbc.driver.T4CConnection@5e5af20c
2024-12-11T15:25:01.383-03:00  INFO 15132 --- [proyecto] [           main] com.zaxxer.hikari.HikariDataSource       : HikariPool-1 - Start completed.
2024-12-11T15:25:01.391-03:00 DEBUG 15132 --- [proyecto] [           main] o.h.e.j.e.i.JdbcEnvironmentInitiator     : Database ->
	   name : Oracle
	version : Oracle Database 19c Enterprise Edition Release 19.0.0.0.0 - Production
Version 19.25.0.1.0
	  major : 19
	  minor : 0
2024-12-11T15:25:01.391-03:00 DEBUG 15132 --- [proyecto] [           main] o.h.e.j.e.i.JdbcEnvironmentInitiator     : Driver ->
	   name : Oracle JDBC driver
	version : 21.5.0.0.0
	  major : 21
	  minor : 5
2024-12-11T15:25:01.392-03:00 DEBUG 15132 --- [proyecto] [           main] o.h.e.j.e.i.JdbcEnvironmentInitiator     : JDBC version : 4.3
2024-12-11T15:25:01.676-03:00  WARN 15132 --- [proyecto] [           main] org.hibernate.orm.deprecation            : HHH90000025: OracleDialect does not need to be specified explicitly using 'hibernate.dialect' (remove the property setting and it will be selected by default)
2024-12-11T15:25:01.678-03:00 DEBUG 15132 --- [proyecto] [           main] org.hibernate.orm.dialect                : HHH035001: Using dialect: org.hibernate.dialect.OracleDialect, version: 19.0
2024-12-11T15:25:01.755-03:00 DEBUG 15132 --- [proyecto] [           main] o.h.t.d.jdbc.spi.JdbcTypeRegistry        : addDescriptor(NCharTypeDescriptor) replaced previous registration(CharTypeDescriptor)
2024-12-11T15:25:01.755-03:00 DEBUG 15132 --- [proyecto] [           main] o.h.t.d.jdbc.spi.JdbcTypeRegistry        : addDescriptor(NVarcharTypeDescriptor) replaced previous registration(VarcharTypeDescriptor)
2024-12-11T15:25:01.755-03:00 DEBUG 15132 --- [proyecto] [           main] o.h.t.d.jdbc.spi.JdbcTypeRegistry        : addDescriptor(LongNVarcharTypeDescriptor) replaced previous registration(LongVarcharTypeDescriptor)
2024-12-11T15:25:01.759-03:00 DEBUG 15132 --- [proyecto] [           main] o.h.t.d.jdbc.spi.JdbcTypeRegistry        : addDescriptor(NClobTypeDescriptor(DEFAULT)) replaced previous registration(ClobTypeDescriptor(DEFAULT))
2024-12-11T15:25:01.759-03:00 DEBUG 15132 --- [proyecto] [           main] o.h.t.d.jdbc.spi.JdbcTypeRegistry        : addDescriptor(2005, ClobTypeDescriptor(STREAM_BINDING)) replaced previous registration(ClobTypeDescriptor(DEFAULT))
2024-12-11T15:25:01.761-03:00 DEBUG 15132 --- [proyecto] [           main] o.h.t.d.jdbc.spi.JdbcTypeRegistry        : addDescriptor(BooleanTypeDescriptor) replaced previous registration(BooleanTypeDescriptor)
2024-12-11T15:25:01.773-03:00 DEBUG 15132 --- [proyecto] [           main] org.hibernate.type.BasicTypeRegistry     : Adding type registration null -> org.hibernate.type.NullType@51d502a6
2024-12-11T15:25:01.774-03:00 DEBUG 15132 --- [proyecto] [           main] org.hibernate.type.BasicTypeRegistry     : Type registration key [null] overrode previous entry : `org.hibernate.type.NullType@4044f07b`
2024-12-11T15:25:01.774-03:00 DEBUG 15132 --- [proyecto] [           main] org.hibernate.type.BasicTypeRegistry     : Adding type registration JAVA_OBJECT -> org.hibernate.type.JavaObjectType@7ba9104f
2024-12-11T15:25:01.774-03:00 DEBUG 15132 --- [proyecto] [           main] org.hibernate.type.BasicTypeRegistry     : Adding type registration java.lang.Object -> org.hibernate.type.JavaObjectType@7ba9104f
2024-12-11T15:25:01.774-03:00 DEBUG 15132 --- [proyecto] [           main] org.hibernate.type.BasicTypeRegistry     : Type registration key [java.lang.Object] overrode previous entry : `org.hibernate.type.JavaObjectType@8e0b048`
2024-12-11T15:25:01.780-03:00 DEBUG 15132 --- [proyecto] [           main] org.hibernate.type.BasicTypeRegistry     : Adding type registration org.hibernate.type.DurationType -> basicType@1(java.time.Duration,3015)
2024-12-11T15:25:01.780-03:00 DEBUG 15132 --- [proyecto] [           main] org.hibernate.type.BasicTypeRegistry     : Adding type registration Duration -> basicType@1(java.time.Duration,3015)
2024-12-11T15:25:01.780-03:00 DEBUG 15132 --- [proyecto] [           main] org.hibernate.type.BasicTypeRegistry     : Adding type registration java.time.Duration -> basicType@1(java.time.Duration,3015)
2024-12-11T15:25:01.785-03:00 DEBUG 15132 --- [proyecto] [           main] o.h.type.spi.TypeConfiguration$Scope     : Scoping TypeConfiguration [org.hibernate.type.spi.TypeConfiguration@163d83db] to MetadataBuildingContext [org.hibernate.boot.internal.MetadataBuildingContextRootImpl@2c80d2e0]
2024-12-11T15:25:01.851-03:00 DEBUG 15132 --- [proyecto] [           main] o.h.boot.model.relational.Namespace      : Created database namespace [logicalName=Name{catalog=null, schema=null}, physicalName=Name{catalog=null, schema=null}]
2024-12-11T15:25:01.889-03:00 DEBUG 15132 --- [proyecto] [           main] o.h.boot.model.internal.EntityBinder     : Binding entity from annotated class: com.nuevo.proyecto.model.Compra
2024-12-11T15:25:01.898-03:00 DEBUG 15132 --- [proyecto] [           main] o.h.boot.model.internal.EntityBinder     : Import with entity name Compra
2024-12-11T15:25:01.909-03:00 DEBUG 15132 --- [proyecto] [           main] o.h.boot.model.internal.EntityBinder     : Bind entity com.nuevo.proyecto.model.Compra on table compras
2024-12-11T15:25:01.925-03:00 DEBUG 15132 --- [proyecto] [           main] o.h.boot.model.internal.AnnotatedColumn  : Binding column: AnnotatedDiscriminatorColumn(column='DTYPE')
2024-12-11T15:25:01.947-03:00 DEBUG 15132 --- [proyecto] [           main] o.h.boot.model.internal.AnnotatedColumn  : Binding column: AnnotatedColumn()
2024-12-11T15:25:01.948-03:00 DEBUG 15132 --- [proyecto] [           main] o.h.boot.internal.ClassLoaderAccessImpl  : Not known whether passed class name [com.nuevo.proyecto.model.Compra] is safe
2024-12-11T15:25:01.948-03:00 DEBUG 15132 --- [proyecto] [           main] o.h.boot.internal.ClassLoaderAccessImpl  : No temp ClassLoader provided; using live ClassLoader for loading potentially unsafe class : com.nuevo.proyecto.model.Compra
2024-12-11T15:25:01.954-03:00 DEBUG 15132 --- [proyecto] [           main] o.h.boot.model.internal.PropertyBinder   : MetadataSourceProcessor property id with lazy=false
2024-12-11T15:25:01.961-03:00 DEBUG 15132 --- [proyecto] [           main] o.h.b.m.internal.AbstractPropertyHolder  : Attempting to locate auto-apply AttributeConverter for property [com.nuevo.proyecto.model.Compra:id]
2024-12-11T15:25:01.965-03:00 DEBUG 15132 --- [proyecto] [           main] o.h.b.model.internal.BasicValueBinder    : building BasicValue for id
2024-12-11T15:25:01.968-03:00 DEBUG 15132 --- [proyecto] [           main] org.hibernate.mapping.BasicValue         : Skipping column re-registration: compras.id
2024-12-11T15:25:01.970-03:00 DEBUG 15132 --- [proyecto] [           main] o.h.boot.model.internal.PropertyBinder   : Building property id
2024-12-11T15:25:01.974-03:00 DEBUG 15132 --- [proyecto] [           main] o.h.boot.model.internal.BinderHelper     : #makeIdGenerator(BasicValue([Column(id)]), id, identity, , ...)
2024-12-11T15:25:01.975-03:00 DEBUG 15132 --- [proyecto] [           main] o.h.boot.model.internal.AnnotatedColumn  : Binding column: AnnotatedColumn()
2024-12-11T15:25:01.976-03:00 DEBUG 15132 --- [proyecto] [           main] o.h.boot.model.internal.PropertyBinder   : MetadataSourceProcessor property cantidad with lazy=false
2024-12-11T15:25:01.976-03:00 DEBUG 15132 --- [proyecto] [           main] o.h.b.m.internal.AbstractPropertyHolder  : Attempting to locate auto-apply AttributeConverter for property [com.nuevo.proyecto.model.Compra:cantidad]
2024-12-11T15:25:01.976-03:00 DEBUG 15132 --- [proyecto] [           main] o.h.b.model.internal.BasicValueBinder    : building BasicValue for cantidad
2024-12-11T15:25:01.976-03:00 DEBUG 15132 --- [proyecto] [           main] org.hibernate.mapping.BasicValue         : Skipping column re-registration: compras.cantidad
2024-12-11T15:25:01.976-03:00 DEBUG 15132 --- [proyecto] [           main] o.h.boot.model.internal.PropertyBinder   : Building property cantidad
2024-12-11T15:25:01.976-03:00 DEBUG 15132 --- [proyecto] [           main] o.h.boot.model.internal.AnnotatedColumn  : Binding column: AnnotatedColumn()
2024-12-11T15:25:01.976-03:00 DEBUG 15132 --- [proyecto] [           main] o.h.boot.model.internal.PropertyBinder   : MetadataSourceProcessor property productoId with lazy=false
2024-12-11T15:25:01.976-03:00 DEBUG 15132 --- [proyecto] [           main] o.h.b.m.internal.AbstractPropertyHolder  : Attempting to locate auto-apply AttributeConverter for property [com.nuevo.proyecto.model.Compra:productoId]
2024-12-11T15:25:01.976-03:00 DEBUG 15132 --- [proyecto] [           main] o.h.b.model.internal.BasicValueBinder    : building BasicValue for productoId
2024-12-11T15:25:01.976-03:00 DEBUG 15132 --- [proyecto] [           main] org.hibernate.mapping.BasicValue         : Skipping column re-registration: compras.producto_id
2024-12-11T15:25:01.977-03:00 DEBUG 15132 --- [proyecto] [           main] o.h.boot.model.internal.PropertyBinder   : Building property productoId
2024-12-11T15:25:01.983-03:00 DEBUG 15132 --- [proyecto] [           main] o.h.boot.model.internal.AnnotatedColumn  : Binding column: AnnotatedColumn()
2024-12-11T15:25:01.983-03:00 DEBUG 15132 --- [proyecto] [           main] o.h.boot.model.internal.PropertyBinder   : MetadataSourceProcessor property usuarioId with lazy=false
2024-12-11T15:25:01.983-03:00 DEBUG 15132 --- [proyecto] [           main] o.h.b.m.internal.AbstractPropertyHolder  : Attempting to locate auto-apply AttributeConverter for property [com.nuevo.proyecto.model.Compra:usuarioId]
2024-12-11T15:25:01.983-03:00 DEBUG 15132 --- [proyecto] [           main] o.h.b.model.internal.BasicValueBinder    : building BasicValue for usuarioId
2024-12-11T15:25:01.983-03:00 DEBUG 15132 --- [proyecto] [           main] org.hibernate.mapping.BasicValue         : Skipping column re-registration: compras.usuario_id
2024-12-11T15:25:01.983-03:00 DEBUG 15132 --- [proyecto] [           main] o.h.boot.model.internal.PropertyBinder   : Building property usuarioId
2024-12-11T15:25:01.985-03:00 DEBUG 15132 --- [proyecto] [           main] o.h.b.r.c.i.ClassLoaderServiceImpl       : HHH000194: Package not found or no package-info.java: com.nuevo.proyecto.model
2024-12-11T15:25:01.991-03:00 DEBUG 15132 --- [proyecto] [           main] o.h.boot.model.internal.EntityBinder     : Binding entity from annotated class: com.nuevo.proyecto.model.Producto
2024-12-11T15:25:01.992-03:00 DEBUG 15132 --- [proyecto] [           main] o.h.boot.model.internal.EntityBinder     : Import with entity name Producto
2024-12-11T15:25:01.992-03:00 DEBUG 15132 --- [proyecto] [           main] o.h.boot.model.internal.EntityBinder     : Bind entity com.nuevo.proyecto.model.Producto on table productos
2024-12-11T15:25:01.992-03:00 DEBUG 15132 --- [proyecto] [           main] o.h.boot.model.internal.AnnotatedColumn  : Binding column: AnnotatedDiscriminatorColumn(column='DTYPE')
2024-12-11T15:25:01.997-03:00 DEBUG 15132 --- [proyecto] [           main] o.h.boot.model.internal.AnnotatedColumn  : Binding column: AnnotatedColumn(column='id')
2024-12-11T15:25:01.997-03:00 DEBUG 15132 --- [proyecto] [           main] o.h.boot.internal.ClassLoaderAccessImpl  : Not known whether passed class name [com.nuevo.proyecto.model.Producto] is safe
2024-12-11T15:25:01.997-03:00 DEBUG 15132 --- [proyecto] [           main] o.h.boot.internal.ClassLoaderAccessImpl  : No temp ClassLoader provided; using live ClassLoader for loading potentially unsafe class : com.nuevo.proyecto.model.Producto
2024-12-11T15:25:01.997-03:00 DEBUG 15132 --- [proyecto] [           main] o.h.boot.model.internal.PropertyBinder   : MetadataSourceProcessor property id with lazy=false
2024-12-11T15:25:01.997-03:00 DEBUG 15132 --- [proyecto] [           main] o.h.b.m.internal.AbstractPropertyHolder  : Attempting to locate auto-apply AttributeConverter for property [com.nuevo.proyecto.model.Producto:id]
2024-12-11T15:25:01.997-03:00 DEBUG 15132 --- [proyecto] [           main] o.h.b.model.internal.BasicValueBinder    : building BasicValue for id
2024-12-11T15:25:01.997-03:00 DEBUG 15132 --- [proyecto] [           main] org.hibernate.mapping.BasicValue         : Skipping column re-registration: productos.id
2024-12-11T15:25:01.997-03:00 DEBUG 15132 --- [proyecto] [           main] o.h.boot.model.internal.PropertyBinder   : Building property id
2024-12-11T15:25:01.997-03:00 DEBUG 15132 --- [proyecto] [           main] o.h.boot.model.internal.BinderHelper     : #makeIdGenerator(BasicValue([Column(id)]), id, identity, , ...)
2024-12-11T15:25:01.999-03:00 DEBUG 15132 --- [proyecto] [           main] o.h.boot.model.internal.AnnotatedColumn  : Binding column: AnnotatedColumn(column='descripcion')
2024-12-11T15:25:01.999-03:00 DEBUG 15132 --- [proyecto] [           main] o.h.boot.model.internal.PropertyBinder   : MetadataSourceProcessor property descripcion with lazy=false
2024-12-11T15:25:01.999-03:00 DEBUG 15132 --- [proyecto] [           main] o.h.b.m.internal.AbstractPropertyHolder  : Attempting to locate auto-apply AttributeConverter for property [com.nuevo.proyecto.model.Producto:descripcion]
2024-12-11T15:25:01.999-03:00 DEBUG 15132 --- [proyecto] [           main] o.h.b.model.internal.BasicValueBinder    : building BasicValue for descripcion
2024-12-11T15:25:01.999-03:00 DEBUG 15132 --- [proyecto] [           main] org.hibernate.mapping.BasicValue         : Skipping column re-registration: productos.descripcion
2024-12-11T15:25:01.999-03:00 DEBUG 15132 --- [proyecto] [           main] o.h.boot.model.internal.PropertyBinder   : Building property descripcion
2024-12-11T15:25:02.000-03:00 DEBUG 15132 --- [proyecto] [           main] o.h.boot.model.internal.AnnotatedColumn  : Binding column: AnnotatedColumn(column='nombre')
2024-12-11T15:25:02.000-03:00 DEBUG 15132 --- [proyecto] [           main] o.h.boot.model.internal.PropertyBinder   : MetadataSourceProcessor property nombre with lazy=false
2024-12-11T15:25:02.000-03:00 DEBUG 15132 --- [proyecto] [           main] o.h.b.m.internal.AbstractPropertyHolder  : Attempting to locate auto-apply AttributeConverter for property [com.nuevo.proyecto.model.Producto:nombre]
2024-12-11T15:25:02.000-03:00 DEBUG 15132 --- [proyecto] [           main] o.h.b.model.internal.BasicValueBinder    : building BasicValue for nombre
2024-12-11T15:25:02.000-03:00 DEBUG 15132 --- [proyecto] [           main] org.hibernate.mapping.BasicValue         : Skipping column re-registration: productos.nombre
2024-12-11T15:25:02.000-03:00 DEBUG 15132 --- [proyecto] [           main] o.h.boot.model.internal.PropertyBinder   : Building property nombre
2024-12-11T15:25:02.001-03:00 DEBUG 15132 --- [proyecto] [           main] o.h.boot.model.internal.AnnotatedColumn  : Binding column: AnnotatedColumn(column='precio')
2024-12-11T15:25:02.002-03:00 DEBUG 15132 --- [proyecto] [           main] o.h.boot.model.internal.PropertyBinder   : MetadataSourceProcessor property precio with lazy=false
2024-12-11T15:25:02.002-03:00 DEBUG 15132 --- [proyecto] [           main] o.h.b.m.internal.AbstractPropertyHolder  : Attempting to locate auto-apply AttributeConverter for property [com.nuevo.proyecto.model.Producto:precio]
2024-12-11T15:25:02.002-03:00 DEBUG 15132 --- [proyecto] [           main] o.h.b.model.internal.BasicValueBinder    : building BasicValue for precio
2024-12-11T15:25:02.002-03:00 DEBUG 15132 --- [proyecto] [           main] org.hibernate.mapping.BasicValue         : Skipping column re-registration: productos.precio
2024-12-11T15:25:02.002-03:00 DEBUG 15132 --- [proyecto] [           main] o.h.boot.model.internal.PropertyBinder   : Building property precio
2024-12-11T15:25:02.003-03:00 DEBUG 15132 --- [proyecto] [           main] o.h.b.r.c.i.ClassLoaderServiceImpl       : HHH000194: Package not found or no package-info.java: com.nuevo.proyecto.model
2024-12-11T15:25:02.003-03:00 DEBUG 15132 --- [proyecto] [           main] o.h.boot.model.internal.EntityBinder     : Binding entity from annotated class: com.nuevo.proyecto.model.Usuario
2024-12-11T15:25:02.003-03:00 DEBUG 15132 --- [proyecto] [           main] o.h.boot.model.internal.EntityBinder     : Import with entity name Usuario
2024-12-11T15:25:02.003-03:00 DEBUG 15132 --- [proyecto] [           main] o.h.boot.model.internal.EntityBinder     : Bind entity com.nuevo.proyecto.model.Usuario on table usuarios
2024-12-11T15:25:02.004-03:00 DEBUG 15132 --- [proyecto] [           main] o.h.boot.model.internal.AnnotatedColumn  : Binding column: AnnotatedDiscriminatorColumn(column='DTYPE')
2024-12-11T15:25:02.006-03:00 DEBUG 15132 --- [proyecto] [           main] o.h.boot.model.internal.AnnotatedColumn  : Binding column: AnnotatedColumn(column='id')
2024-12-11T15:25:02.006-03:00 DEBUG 15132 --- [proyecto] [           main] o.h.boot.internal.ClassLoaderAccessImpl  : Not known whether passed class name [com.nuevo.proyecto.model.Usuario] is safe
2024-12-11T15:25:02.006-03:00 DEBUG 15132 --- [proyecto] [           main] o.h.boot.internal.ClassLoaderAccessImpl  : No temp ClassLoader provided; using live ClassLoader for loading potentially unsafe class : com.nuevo.proyecto.model.Usuario
2024-12-11T15:25:02.006-03:00 DEBUG 15132 --- [proyecto] [           main] o.h.boot.model.internal.PropertyBinder   : MetadataSourceProcessor property id with lazy=false
2024-12-11T15:25:02.006-03:00 DEBUG 15132 --- [proyecto] [           main] o.h.b.m.internal.AbstractPropertyHolder  : Attempting to locate auto-apply AttributeConverter for property [com.nuevo.proyecto.model.Usuario:id]
2024-12-11T15:25:02.006-03:00 DEBUG 15132 --- [proyecto] [           main] o.h.b.model.internal.BasicValueBinder    : building BasicValue for id
2024-12-11T15:25:02.006-03:00 DEBUG 15132 --- [proyecto] [           main] org.hibernate.mapping.BasicValue         : Skipping column re-registration: usuarios.id
2024-12-11T15:25:02.006-03:00 DEBUG 15132 --- [proyecto] [           main] o.h.boot.model.internal.PropertyBinder   : Building property id
2024-12-11T15:25:02.006-03:00 DEBUG 15132 --- [proyecto] [           main] o.h.boot.model.internal.BinderHelper     : #makeIdGenerator(BasicValue([Column(id)]), id, identity, , ...)
2024-12-11T15:25:02.007-03:00 DEBUG 15132 --- [proyecto] [           main] o.h.boot.model.internal.AnnotatedColumn  : Binding column: AnnotatedColumn(column='nombre')
2024-12-11T15:25:02.007-03:00 DEBUG 15132 --- [proyecto] [           main] o.h.boot.model.internal.PropertyBinder   : MetadataSourceProcessor property nombre with lazy=false
2024-12-11T15:25:02.007-03:00 DEBUG 15132 --- [proyecto] [           main] o.h.b.m.internal.AbstractPropertyHolder  : Attempting to locate auto-apply AttributeConverter for property [com.nuevo.proyecto.model.Usuario:nombre]
2024-12-11T15:25:02.007-03:00 DEBUG 15132 --- [proyecto] [           main] o.h.b.model.internal.BasicValueBinder    : building BasicValue for nombre
2024-12-11T15:25:02.007-03:00 DEBUG 15132 --- [proyecto] [           main] org.hibernate.mapping.BasicValue         : Skipping column re-registration: usuarios.nombre
2024-12-11T15:25:02.007-03:00 DEBUG 15132 --- [proyecto] [           main] o.h.boot.model.internal.PropertyBinder   : Building property nombre
2024-12-11T15:25:02.007-03:00 DEBUG 15132 --- [proyecto] [           main] o.h.boot.model.internal.AnnotatedColumn  : Binding column: AnnotatedColumn(column='password')
[...]
2024-12-11T15:25:05.898-03:00 DEBUG 15132 --- [proyecto] [           main] o.s.security.web.FilterChainProxy        : Secured GET /api/usuarios/1
2024-12-11T15:25:05.898-03:00 DEBUG 15132 --- [proyecto] [           main] o.s.t.web.servlet.TestDispatcherServlet  : GET "/api/usuarios/1", parameters={}
2024-12-11T15:25:05.898-03:00 DEBUG 15132 --- [proyecto] [           main] s.w.s.m.m.a.RequestMappingHandlerMapping : Mapped to com.nuevo.proyecto.controller.UsuarioController#obtenerUsuario(Long)
2024-12-11T15:25:05.898-03:00 DEBUG 15132 --- [proyecto] [           main] o.j.s.OpenEntityManagerInViewInterceptor : Opening JPA EntityManager in OpenEntityManagerInViewInterceptor
2024-12-11T15:25:05.899-03:00 DEBUG 15132 --- [proyecto] [           main] o.s.orm.jpa.JpaTransactionManager        : Found thread-bound EntityManager [SessionImpl(140539065<open>)] for JPA transaction
2024-12-11T15:25:05.899-03:00 DEBUG 15132 --- [proyecto] [           main] o.s.orm.jpa.JpaTransactionManager        : Creating new transaction with name [org.springframework.data.jpa.repository.support.SimpleJpaRepository.findById]: PROPAGATION_REQUIRED,ISOLATION_DEFAULT,readOnly
2024-12-11T15:25:05.899-03:00 DEBUG 15132 --- [proyecto] [           main] o.s.jdbc.datasource.DataSourceUtils      : Setting JDBC Connection [HikariProxyConnection@215421452 wrapping oracle.jdbc.driver.T4CConnection@5e5af20c] read-only
2024-12-11T15:25:05.899-03:00 DEBUG 15132 --- [proyecto] [           main] o.h.e.t.internal.TransactionImpl         : On TransactionImpl creation, JpaCompliance#isJpaTransactionComplianceEnabled == false
2024-12-11T15:25:05.900-03:00 DEBUG 15132 --- [proyecto] [           main] o.h.e.t.internal.TransactionImpl         : begin
2024-12-11T15:25:05.900-03:00 DEBUG 15132 --- [proyecto] [           main] o.s.orm.jpa.JpaTransactionManager        : Exposing JPA transaction as JDBC [org.springframework.orm.jpa.vendor.HibernateJpaDialect$HibernateConnectionHandle@2cc9e7d4]
2024-12-11T15:25:05.900-03:00 DEBUG 15132 --- [proyecto] [           main] org.hibernate.orm.sql.exec               : Skipping reading Query result cache data: cache-enabled = false, cache-mode = IGNORE
2024-12-11T15:25:05.900-03:00 DEBUG 15132 --- [proyecto] [           main] org.hibernate.orm.results                : Initializer list:
	  com.nuevo.proyecto.model.Usuario -> EntityResultInitializer(com.nuevo.proyecto.model.Usuario)@1049447444 (SingleTableEntityPersister(com.nuevo.proyecto.model.Usuario))

2024-12-11T15:25:05.900-03:00 DEBUG 15132 --- [proyecto] [           main] org.hibernate.SQL                        : select u1_0.id,u1_0.nombre,u1_0.password,u1_0.rol from usuarios u1_0 where u1_0.id=?
2024-12-11T15:25:05.907-03:00 DEBUG 15132 --- [proyecto] [           main] o.hibernate.orm.results.loading.entity   : (EntityResultInitializer) Hydrated EntityKey (com.nuevo.proyecto.model.Usuario): 1
2024-12-11T15:25:05.907-03:00 DEBUG 15132 --- [proyecto] [           main] o.hibernate.orm.results.loading.entity   : (EntityResultInitializer) Created new entity instance [com.nuevo.proyecto.model.Usuario#1] : 1654960563
2024-12-11T15:25:05.908-03:00 DEBUG 15132 --- [proyecto] [           main] org.hibernate.orm.results                : Extracted JDBC value [1] - [user1]
2024-12-11T15:25:05.908-03:00 DEBUG 15132 --- [proyecto] [           main] org.hibernate.orm.results                : Extracted JDBC value [2] - [user1]
2024-12-11T15:25:05.908-03:00 DEBUG 15132 --- [proyecto] [           main] org.hibernate.orm.results                : Extracted JDBC value [3] - [user]
2024-12-11T15:25:05.908-03:00 DEBUG 15132 --- [proyecto] [           main] o.hibernate.orm.results.loading.entity   : (EntityResultInitializer) Done materializing entityInstance : com.nuevo.proyecto.model.Usuario#1
2024-12-11T15:25:05.908-03:00 DEBUG 15132 --- [proyecto] [           main] org.hibernate.orm.results.loading        : Calling top-level assembler (0 / 1) : org.hibernate.sql.results.graph.entity.internal.EntityAssembler@369dac1f
2024-12-11T15:25:05.908-03:00 DEBUG 15132 --- [proyecto] [           main] o.s.orm.jpa.JpaTransactionManager        : Initiating transaction commit
2024-12-11T15:25:05.908-03:00 DEBUG 15132 --- [proyecto] [           main] o.s.orm.jpa.JpaTransactionManager        : Committing JPA transaction on EntityManager [SessionImpl(140539065<open>)]
2024-12-11T15:25:05.908-03:00 DEBUG 15132 --- [proyecto] [           main] o.h.e.t.internal.TransactionImpl         : committing
2024-12-11T15:25:05.911-03:00 DEBUG 15132 --- [proyecto] [           main] o.s.jdbc.datasource.DataSourceUtils      : Resetting read-only flag of JDBC Connection [HikariProxyConnection@215421452 wrapping oracle.jdbc.driver.T4CConnection@5e5af20c]
2024-12-11T15:25:05.911-03:00 DEBUG 15132 --- [proyecto] [           main] o.s.orm.jpa.JpaTransactionManager        : Not closing pre-bound JPA EntityManager after transaction
2024-12-11T15:25:05.911-03:00 DEBUG 15132 --- [proyecto] [           main] o.s.w.s.m.m.a.HttpEntityMethodProcessor  : Using 'application/json', given [*/*] and supported [application/json, application/*+json]
2024-12-11T15:25:05.911-03:00 DEBUG 15132 --- [proyecto] [           main] o.s.w.s.m.m.a.HttpEntityMethodProcessor  : Writing [com.nuevo.proyecto.model.Usuario@62a4b1b3]
2024-12-11T15:25:05.912-03:00 DEBUG 15132 --- [proyecto] [           main] o.j.s.OpenEntityManagerInViewInterceptor : Closing JPA EntityManager in OpenEntityManagerInViewInterceptor
2024-12-11T15:25:05.912-03:00 DEBUG 15132 --- [proyecto] [           main] o.s.t.web.servlet.TestDispatcherServlet  : Completed 200 OK
2024-12-11T15:25:05.913-03:00 DEBUG 15132 --- [proyecto] [           main] org.springframework.test.context.cache   : Spring test ApplicationContext cache statistics: [DefaultContextCache@c777d3a size = 1, maxSize = 32, parentContextCount = 0, hitCount = 23, missCount = 1, failureCount = 0]
2024-12-11T15:25:05.913-03:00 DEBUG 15132 --- [proyecto] [           main] org.springframework.test.context.cache   : Spring test ApplicationContext cache statistics: [DefaultContextCache@c777d3a size = 1, maxSize = 32, parentContextCount = 0, hitCount = 24, missCount = 1, failureCount = 0]
2024-12-11T15:25:05.913-03:00 DEBUG 15132 --- [proyecto] [           main] org.springframework.test.context.cache   : Spring test ApplicationContext cache statistics: [DefaultContextCache@c777d3a size = 1, maxSize = 32, parentContextCount = 0, hitCount = 25, missCount = 1, failureCount = 0]
2024-12-11T15:25:05.913-03:00 DEBUG 15132 --- [proyecto] [           main] org.springframework.test.context.cache   : Spring test ApplicationContext cache statistics: [DefaultContextCache@c777d3a size = 1, maxSize = 32, parentContextCount = 0, hitCount = 26, missCount = 1, failureCount = 0]
2024-12-11T15:25:05.913-03:00 DEBUG 15132 --- [proyecto] [           main] org.springframework.test.context.cache   : Spring test ApplicationContext cache statistics: [DefaultContextCache@c777d3a size = 1, maxSize = 32, parentContextCount = 0, hitCount = 27, missCount = 1, failureCount = 0]
2024-12-11T15:25:05.914-03:00 DEBUG 15132 --- [proyecto] [           main] org.springframework.test.context.cache   : Spring test ApplicationContext cache statistics: [DefaultContextCache@c777d3a size = 1, maxSize = 32, parentContextCount = 0, hitCount = 28, missCount = 1, failureCount = 0]
2024-12-11T15:25:05.914-03:00 DEBUG 15132 --- [proyecto] [           main] org.springframework.test.context.cache   : Spring test ApplicationContext cache statistics: [DefaultContextCache@c777d3a size = 1, maxSize = 32, parentContextCount = 0, hitCount = 29, missCount = 1, failureCount = 0]
2024-12-11T15:25:05.915-03:00 DEBUG 15132 --- [proyecto] [           main] .c.s.DirtiesContextTestExecutionListener : After test method: class [SecurityConfigTest], method [testAccesoPermitidoAUsuariosConRolAdmin], class annotated with @DirtiesContext [false] with mode [null], method annotated with @DirtiesContext [false] with mode [null]
2024-12-11T15:25:05.915-03:00 DEBUG 15132 --- [proyecto] [           main] o.s.t.c.w.ServletTestExecutionListener   : Resetting RequestContextHolder for test class com.nuevo.proyecto.SecurityConfigTest
]]></system-out>
  </testcase>
  <testcase name="testPermitirAccesoPublicoAUsuarios" classname="com.nuevo.proyecto.SecurityConfigTest" time="0.011">
    <system-out><![CDATA[2024-12-11T15:25:05.915-03:00 DEBUG 15132 --- [proyecto] [           main] org.springframework.test.context.cache   : Spring test ApplicationContext cache statistics: [DefaultContextCache@c777d3a size = 1, maxSize = 32, parentContextCount = 0, hitCount = 30, missCount = 1, failureCount = 0]
2024-12-11T15:25:05.915-03:00 DEBUG 15132 --- [proyecto] [           main] o.s.t.c.w.ServletTestExecutionListener   : Setting up MockHttpServletRequest, MockHttpServletResponse, ServletWebRequest, and RequestContextHolder for test class com.nuevo.proyecto.SecurityConfigTest
2024-12-11T15:25:05.916-03:00 DEBUG 15132 --- [proyecto] [           main] DependencyInjectionTestExecutionListener : Performing dependency injection for test class com.nuevo.proyecto.SecurityConfigTest
2024-12-11T15:25:05.916-03:00 DEBUG 15132 --- [proyecto] [           main] org.springframework.test.context.cache   : Spring test ApplicationContext cache statistics: [DefaultContextCache@c777d3a size = 1, maxSize = 32, parentContextCount = 0, hitCount = 31, missCount = 1, failureCount = 0]
2024-12-11T15:25:05.916-03:00 DEBUG 15132 --- [proyecto] [           main] org.springframework.test.context.cache   : Spring test ApplicationContext cache statistics: [DefaultContextCache@c777d3a size = 1, maxSize = 32, parentContextCount = 0, hitCount = 32, missCount = 1, failureCount = 0]
2024-12-11T15:25:05.916-03:00 DEBUG 15132 --- [proyecto] [           main] sContextBeforeModesTestExecutionListener : Before test method: class [SecurityConfigTest], method [testPermitirAccesoPublicoAUsuarios], class annotated with @DirtiesContext [false] with mode [null], method annotated with @DirtiesContext [false] with mode [null]
2024-12-11T15:25:05.917-03:00 DEBUG 15132 --- [proyecto] [           main] org.springframework.test.context.cache   : Spring test ApplicationContext cache statistics: [DefaultContextCache@c777d3a size = 1, maxSize = 32, parentContextCount = 0, hitCount = 33, missCount = 1, failureCount = 0]
2024-12-11T15:25:05.917-03:00 DEBUG 15132 --- [proyecto] [           main] org.springframework.test.context.cache   : Spring test ApplicationContext cache statistics: [DefaultContextCache@c777d3a size = 1, maxSize = 32, parentContextCount = 0, hitCount = 34, missCount = 1, failureCount = 0]
2024-12-11T15:25:05.918-03:00 DEBUG 15132 --- [proyecto] [           main] org.springframework.test.context.cache   : Spring test ApplicationContext cache statistics: [DefaultContextCache@c777d3a size = 1, maxSize = 32, parentContextCount = 0, hitCount = 35, missCount = 1, failureCount = 0]
2024-12-11T15:25:05.919-03:00 DEBUG 15132 --- [proyecto] [           main] o.s.security.web.FilterChainProxy        : Securing GET /api/usuarios
2024-12-11T15:25:05.920-03:00 DEBUG 15132 --- [proyecto] [           main] o.s.s.w.a.AnonymousAuthenticationFilter  : Set SecurityContextHolder to anonymous SecurityContext
2024-12-11T15:25:05.923-03:00 DEBUG 15132 --- [proyecto] [           main] o.s.s.w.s.HttpSessionRequestCache        : Saved request http://localhost/api/usuarios?continue to session
2024-12-11T15:25:05.926-03:00 DEBUG 15132 --- [proyecto] [           main] org.springframework.test.context.cache   : Spring test ApplicationContext cache statistics: [DefaultContextCache@c777d3a size = 1, maxSize = 32, parentContextCount = 0, hitCount = 36, missCount = 1, failureCount = 0]
2024-12-11T15:25:05.926-03:00 DEBUG 15132 --- [proyecto] [           main] org.springframework.test.context.cache   : Spring test ApplicationContext cache statistics: [DefaultContextCache@c777d3a size = 1, maxSize = 32, parentContextCount = 0, hitCount = 37, missCount = 1, failureCount = 0]
2024-12-11T15:25:05.926-03:00 DEBUG 15132 --- [proyecto] [           main] org.springframework.test.context.cache   : Spring test ApplicationContext cache statistics: [DefaultContextCache@c777d3a size = 1, maxSize = 32, parentContextCount = 0, hitCount = 38, missCount = 1, failureCount = 0]
2024-12-11T15:25:05.926-03:00 DEBUG 15132 --- [proyecto] [           main] org.springframework.test.context.cache   : Spring test ApplicationContext cache statistics: [DefaultContextCache@c777d3a size = 1, maxSize = 32, parentContextCount = 0, hitCount = 39, missCount = 1, failureCount = 0]
2024-12-11T15:25:05.926-03:00 DEBUG 15132 --- [proyecto] [           main] org.springframework.test.context.cache   : Spring test ApplicationContext cache statistics: [DefaultContextCache@c777d3a size = 1, maxSize = 32, parentContextCount = 0, hitCount = 40, missCount = 1, failureCount = 0]
2024-12-11T15:25:05.927-03:00 DEBUG 15132 --- [proyecto] [           main] org.springframework.test.context.cache   : Spring test ApplicationContext cache statistics: [DefaultContextCache@c777d3a size = 1, maxSize = 32, parentContextCount = 0, hitCount = 41, missCount = 1, failureCount = 0]
2024-12-11T15:25:05.927-03:00 DEBUG 15132 --- [proyecto] [           main] org.springframework.test.context.cache   : Spring test ApplicationContext cache statistics: [DefaultContextCache@c777d3a size = 1, maxSize = 32, parentContextCount = 0, hitCount = 42, missCount = 1, failureCount = 0]
2024-12-11T15:25:05.927-03:00 DEBUG 15132 --- [proyecto] [           main] .c.s.DirtiesContextTestExecutionListener : After test method: class [SecurityConfigTest], method [testPermitirAccesoPublicoAUsuarios], class annotated with @DirtiesContext [false] with mode [null], method annotated with @DirtiesContext [false] with mode [null]
2024-12-11T15:25:05.927-03:00 DEBUG 15132 --- [proyecto] [           main] o.s.t.c.w.ServletTestExecutionListener   : Resetting RequestContextHolder for test class com.nuevo.proyecto.SecurityConfigTest
]]></system-out>
  </testcase>
  <testcase name="testAccederAPostUsuariosSinAutenticacion" classname="com.nuevo.proyecto.SecurityConfigTest" time="0.005">
    <system-out><![CDATA[2024-12-11T15:25:05.928-03:00 DEBUG 15132 --- [proyecto] [           main] org.springframework.test.context.cache   : Spring test ApplicationContext cache statistics: [DefaultContextCache@c777d3a size = 1, maxSize = 32, parentContextCount = 0, hitCount = 43, missCount = 1, failureCount = 0]
2024-12-11T15:25:05.928-03:00 DEBUG 15132 --- [proyecto] [           main] o.s.t.c.w.ServletTestExecutionListener   : Setting up MockHttpServletRequest, MockHttpServletResponse, ServletWebRequest, and RequestContextHolder for test class com.nuevo.proyecto.SecurityConfigTest
2024-12-11T15:25:05.928-03:00 DEBUG 15132 --- [proyecto] [           main] DependencyInjectionTestExecutionListener : Performing dependency injection for test class com.nuevo.proyecto.SecurityConfigTest
2024-12-11T15:25:05.928-03:00 DEBUG 15132 --- [proyecto] [           main] org.springframework.test.context.cache   : Spring test ApplicationContext cache statistics: [DefaultContextCache@c777d3a size = 1, maxSize = 32, parentContextCount = 0, hitCount = 44, missCount = 1, failureCount = 0]
2024-12-11T15:25:05.928-03:00 DEBUG 15132 --- [proyecto] [           main] org.springframework.test.context.cache   : Spring test ApplicationContext cache statistics: [DefaultContextCache@c777d3a size = 1, maxSize = 32, parentContextCount = 0, hitCount = 45, missCount = 1, failureCount = 0]
2024-12-11T15:25:05.929-03:00 DEBUG 15132 --- [proyecto] [           main] sContextBeforeModesTestExecutionListener : Before test method: class [SecurityConfigTest], method [testAccederAPostUsuariosSinAutenticacion], class annotated with @DirtiesContext [false] with mode [null], method annotated with @DirtiesContext [false] with mode [null]
2024-12-11T15:25:05.929-03:00 DEBUG 15132 --- [proyecto] [           main] org.springframework.test.context.cache   : Spring test ApplicationContext cache statistics: [DefaultContextCache@c777d3a size = 1, maxSize = 32, parentContextCount = 0, hitCount = 46, missCount = 1, failureCount = 0]
2024-12-11T15:25:05.929-03:00 DEBUG 15132 --- [proyecto] [           main] org.springframework.test.context.cache   : Spring test ApplicationContext cache statistics: [DefaultContextCache@c777d3a size = 1, maxSize = 32, parentContextCount = 0, hitCount = 47, missCount = 1, failureCount = 0]
2024-12-11T15:25:05.930-03:00 DEBUG 15132 --- [proyecto] [           main] org.springframework.test.context.cache   : Spring test ApplicationContext cache statistics: [DefaultContextCache@c777d3a size = 1, maxSize = 32, parentContextCount = 0, hitCount = 48, missCount = 1, failureCount = 0]
2024-12-11T15:25:05.931-03:00 DEBUG 15132 --- [proyecto] [           main] o.s.security.web.FilterChainProxy        : Securing GET /api/usuarios
2024-12-11T15:25:05.931-03:00 DEBUG 15132 --- [proyecto] [           main] o.s.s.w.a.AnonymousAuthenticationFilter  : Set SecurityContextHolder to anonymous SecurityContext
2024-12-11T15:25:05.931-03:00 DEBUG 15132 --- [proyecto] [           main] o.s.s.w.s.HttpSessionRequestCache        : Saved request http://localhost/api/usuarios?continue to session
2024-12-11T15:25:05.932-03:00 DEBUG 15132 --- [proyecto] [           main] org.springframework.test.context.cache   : Spring test ApplicationContext cache statistics: [DefaultContextCache@c777d3a size = 1, maxSize = 32, parentContextCount = 0, hitCount = 49, missCount = 1, failureCount = 0]
2024-12-11T15:25:05.932-03:00 DEBUG 15132 --- [proyecto] [           main] org.springframework.test.context.cache   : Spring test ApplicationContext cache statistics: [DefaultContextCache@c777d3a size = 1, maxSize = 32, parentContextCount = 0, hitCount = 50, missCount = 1, failureCount = 0]
2024-12-11T15:25:05.932-03:00 DEBUG 15132 --- [proyecto] [           main] org.springframework.test.context.cache   : Spring test ApplicationContext cache statistics: [DefaultContextCache@c777d3a size = 1, maxSize = 32, parentContextCount = 0, hitCount = 51, missCount = 1, failureCount = 0]
2024-12-11T15:25:05.932-03:00 DEBUG 15132 --- [proyecto] [           main] org.springframework.test.context.cache   : Spring test ApplicationContext cache statistics: [DefaultContextCache@c777d3a size = 1, maxSize = 32, parentContextCount = 0, hitCount = 52, missCount = 1, failureCount = 0]
2024-12-11T15:25:05.933-03:00 DEBUG 15132 --- [proyecto] [           main] org.springframework.test.context.cache   : Spring test ApplicationContext cache statistics: [DefaultContextCache@c777d3a size = 1, maxSize = 32, parentContextCount = 0, hitCount = 53, missCount = 1, failureCount = 0]
2024-12-11T15:25:05.933-03:00 DEBUG 15132 --- [proyecto] [           main] org.springframework.test.context.cache   : Spring test ApplicationContext cache statistics: [DefaultContextCache@c777d3a size = 1, maxSize = 32, parentContextCount = 0, hitCount = 54, missCount = 1, failureCount = 0]
2024-12-11T15:25:05.933-03:00 DEBUG 15132 --- [proyecto] [           main] org.springframework.test.context.cache   : Spring test ApplicationContext cache statistics: [DefaultContextCache@c777d3a size = 1, maxSize = 32, parentContextCount = 0, hitCount = 55, missCount = 1, failureCount = 0]
2024-12-11T15:25:05.934-03:00 DEBUG 15132 --- [proyecto] [           main] .c.s.DirtiesContextTestExecutionListener : After test method: class [SecurityConfigTest], method [testAccederAPostUsuariosSinAutenticacion], class annotated with @DirtiesContext [false] with mode [null], method annotated with @DirtiesContext [false] with mode [null]
2024-12-11T15:25:05.934-03:00 DEBUG 15132 --- [proyecto] [           main] o.s.t.c.w.ServletTestExecutionListener   : Resetting RequestContextHolder for test class com.nuevo.proyecto.SecurityConfigTest
]]></system-out>
  </testcase>
</testsuite>